2025-04-30 16:50:27,306 [INFO] Activator:176 - 


2025-04-30 16:50:27,308 [INFO] Activator:177 - !SESSION log4j initialized
2025-04-30 16:50:29,483 [INFO] LogOutputStream:77 - [STDOUT_REDIRECT] 
2025-04-30 16:50:31,456 [INFO] ApplicationProperties:184 - Using Application install path: C:\ST\STM32CubeIDE_1.18.1\STM32CubeIDE\plugins\com.st.stm32cube.common.mx_6.14.1.202504091515
2025-04-30 16:50:31,476 [INFO] DbMcusXml:78 - Set database path to: C:\ST\STM32CubeIDE_1.18.1\STM32CubeIDE\plugins\com.st.stm32cube.common.mx_6.14.1.202504091515\\db\/mcu/
2025-04-30 16:50:31,476 [INFO] ApiDb:274 - Set plugin database path to: C:\ST\STM32CubeIDE_1.18.1\STM32CubeIDE\plugins\com.st.stm32cube.common.mx_6.14.1.202504091515\\db\/plugins/boardmanager/
2025-04-30 16:50:31,495 [WARN] ApiDb:259 - Overriding images path with different value:  => C:\ST\STM32CubeIDE_1.18.1\STM32CubeIDE\plugins\com.st.stm32cube.common.mx_6.14.1.202504091515\\db\/plugins/mcufinder/images/
2025-04-30 16:50:31,505 [INFO] ApiDb:250 - Set database path to: C:\Users\USER\.stmcufinder\plugins\mcufinder//mcu/
2025-04-30 16:50:31,507 [INFO] DbMcusAds:125 - Set database path to: C:\Users\USER\.stmcufinder\plugins\mcufinder//mcu/
2025-04-30 16:50:31,511 [INFO] CrossReferenceDbSqlite:203 - Set database path to: C:\Users\USER\.stmcufinder\plugins\mcufinder//mcu/cs/
2025-04-30 16:50:31,605 [INFO] RulesReader:64 - Compatibility file has been processed (302 Rules)
2025-04-30 16:50:31,686 [INFO] DbMcusXml:78 - Set database path to: C:\ST\STM32CubeIDE_1.18.1\STM32CubeIDE\plugins\com.st.stm32cube.common.mx_6.14.1.202504091515\\db\/mcu/
2025-04-30 16:50:31,686 [INFO] ApiDb:274 - Set plugin database path to: C:\ST\STM32CubeIDE_1.18.1\STM32CubeIDE\plugins\com.st.stm32cube.common.mx_6.14.1.202504091515\\db\/plugins/boardmanager/
2025-04-30 16:50:31,686 [INFO] ApiDb:261 - Set plugin images path to: C:\ST\STM32CubeIDE_1.18.1\STM32CubeIDE\plugins\com.st.stm32cube.common.mx_6.14.1.202504091515\\db\/plugins/mcufinder/images/
2025-04-30 16:50:31,686 [WARN] DbFile:41 - Overriding database path with different value: C:\Users\USER\.stmcufinder\plugins\mcufinder/ => C:\Users\USER\.stmcufinder\plugins\mcufinder
2025-04-30 16:50:31,686 [INFO] ApiDb:250 - Set database path to: C:\Users\USER\.stmcufinder\plugins\mcufinder//mcu/
2025-04-30 16:50:31,686 [WARN] DbFile:41 - Overriding database path with different value: C:\Users\USER\.stmcufinder\plugins\mcufinder/ => C:\Users\USER\.stmcufinder\plugins\mcufinder
2025-04-30 16:50:31,686 [INFO] DbMcusAds:125 - Set database path to: C:\Users\USER\.stmcufinder\plugins\mcufinder//mcu/
2025-04-30 16:50:31,686 [WARN] DbFile:41 - Overriding database path with different value: C:\Users\USER\.stmcufinder\plugins\mcufinder/ => C:\Users\USER\.stmcufinder\plugins\mcufinder
2025-04-30 16:50:31,686 [WARN] DbFile:41 - Overriding database path with different value: C:\Users\USER\.stmcufinder\plugins\mcufinder/ => C:\Users\USER\.stmcufinder\plugins\mcufinder
2025-04-30 16:50:31,686 [INFO] CrossReferenceDbSqlite:203 - Set database path to: C:\Users\USER\.stmcufinder\plugins\mcufinder//mcu/cs/
2025-04-30 16:50:31,775 [INFO] MainPanel:272 - HeapMemory: 268435456
2025-04-30 16:50:31,844 [INFO] DbMcusXml:78 - Set database path to: C:\ST\STM32CubeIDE_1.18.1\STM32CubeIDE\plugins\com.st.stm32cube.common.mx_6.14.1.202504091515\\db\/mcu/
2025-04-30 16:50:31,845 [INFO] ApiDb:274 - Set plugin database path to: C:\ST\STM32CubeIDE_1.18.1\STM32CubeIDE\plugins\com.st.stm32cube.common.mx_6.14.1.202504091515\\db\/plugins/boardmanager/
2025-04-30 16:50:31,845 [INFO] ApiDb:261 - Set plugin images path to: C:\ST\STM32CubeIDE_1.18.1\STM32CubeIDE\plugins\com.st.stm32cube.common.mx_6.14.1.202504091515\\db\/plugins/mcufinder/images/
2025-04-30 16:50:31,845 [WARN] DbFile:41 - Overriding database path with different value: C:\Users\USER\.stmcufinder\plugins\mcufinder/ => C:\Users\USER\.stmcufinder\plugins\mcufinder
2025-04-30 16:50:31,845 [INFO] ApiDb:250 - Set database path to: C:\Users\USER\.stmcufinder\plugins\mcufinder//mcu/
2025-04-30 16:50:31,845 [WARN] DbFile:41 - Overriding database path with different value: C:\Users\USER\.stmcufinder\plugins\mcufinder/ => C:\Users\USER\.stmcufinder\plugins\mcufinder
2025-04-30 16:50:31,845 [INFO] DbMcusAds:125 - Set database path to: C:\Users\USER\.stmcufinder\plugins\mcufinder//mcu/
2025-04-30 16:50:31,845 [WARN] DbFile:41 - Overriding database path with different value: C:\Users\USER\.stmcufinder\plugins\mcufinder/ => C:\Users\USER\.stmcufinder\plugins\mcufinder
2025-04-30 16:50:31,845 [WARN] DbFile:41 - Overriding database path with different value: C:\Users\USER\.stmcufinder\plugins\mcufinder/ => C:\Users\USER\.stmcufinder\plugins\mcufinder
2025-04-30 16:50:31,845 [INFO] CrossReferenceDbSqlite:203 - Set database path to: C:\Users\USER\.stmcufinder\plugins\mcufinder//mcu/cs/
2025-04-30 16:50:31,860 [INFO] ApplicationProperties:184 - Using Application install path: C:\ST\STM32CubeIDE_1.18.1\STM32CubeIDE\plugins\com.st.stm32cube.common.mx_6.14.1.202504091515
2025-04-30 16:50:31,862 [INFO] PluginManage:196 - Search for loadable plugins [exclusion list=, ]
2025-04-30 16:50:31,862 [INFO] PluginManage:310 - Check plugin analytics
2025-04-30 16:50:32,064 [INFO] AnalyticsPlugin:253 - Accepted Software Licenses: 
2025-04-30 16:50:32,064 [INFO] AnalyticsPlugin:255 - Accepted CMSIS Pack Licenses: 
2025-04-30 16:50:32,065 [INFO] AnalyticsPlugin:257 - Accepted Firmware Licenses: 
2025-04-30 16:50:32,069 [INFO] PluginManage:359 - Loaded plugin analytics (category:tool,tabindex:-1)
2025-04-30 16:50:32,070 [INFO] PluginManage:310 - Check plugin cadmodel
2025-04-30 16:50:32,075 [INFO] CADModel:105 - Init CAD model plugin
2025-04-30 16:50:32,075 [INFO] PluginManage:359 - Loaded plugin cadmodel (category:power,tabindex:5)
2025-04-30 16:50:32,075 [INFO] PluginManage:310 - Check plugin clock
2025-04-30 16:50:32,084 [INFO] PluginManage:359 - Loaded plugin clock (category:base,tabindex:2)
2025-04-30 16:50:32,084 [INFO] PluginManage:310 - Check plugin ddr
2025-04-30 16:50:32,086 [INFO] PluginManage:359 - Loaded plugin ddr (category:tool,tabindex:6)
2025-04-30 16:50:32,086 [INFO] PluginManage:310 - Check plugin filemanager
2025-04-30 16:50:32,314 [INFO] PluginManage:359 - Loaded plugin filemanager (category:base,tabindex:10)
2025-04-30 16:50:32,315 [INFO] PluginManage:310 - Check plugin ipmanager
2025-04-30 16:50:32,320 [INFO] PluginManage:359 - Loaded plugin ipmanager (category:base,tabindex:5)
2025-04-30 16:50:32,321 [INFO] PluginManage:310 - Check plugin lpbam
2025-04-30 16:50:32,327 [INFO] PluginManage:359 - Loaded plugin lpbam (category:base,tabindex:0)
2025-04-30 16:50:32,327 [INFO] PluginManage:310 - Check plugin memorymap
2025-04-30 16:50:32,336 [INFO] PluginManage:359 - Loaded plugin memorymap (category:base,tabindex:4)
2025-04-30 16:50:32,336 [INFO] PluginManage:310 - Check plugin pinoutandconfiguration
2025-04-30 16:50:32,341 [INFO] PluginManage:359 - Loaded plugin pinoutandconfiguration (category:base,tabindex:1)
2025-04-30 16:50:32,342 [INFO] PluginManage:310 - Check plugin pinoutconfig
2025-04-30 16:50:32,464 [WARN] SupportedApi:132 - Cannot load RTOS API schema: s4s-elt-must-match.1: The content of 'definitions' must match (annotation?, (simpleType | complexType)?, (unique | key | keyref)*)). A problem was found starting at: attribute.
2025-04-30 16:50:32,585 [INFO] PluginManage:359 - Loaded plugin pinoutconfig (category:base,tabindex:0)
2025-04-30 16:50:32,585 [INFO] PluginManage:310 - Check plugin power
2025-04-30 16:50:32,593 [INFO] PluginManage:359 - Loaded plugin power (category:power,tabindex:4)
2025-04-30 16:50:32,593 [INFO] PluginManage:310 - Check plugin projectmanager
2025-04-30 16:50:32,608 [INFO] PluginManage:359 - Loaded plugin projectmanager (category:projectmanager,tabindex:4)
2025-04-30 16:50:32,609 [INFO] PluginManage:310 - Check plugin rif
2025-04-30 16:50:32,615 [INFO] PluginManage:359 - Loaded plugin rif (category:base,tabindex:3)
2025-04-30 16:50:32,616 [INFO] PluginManage:310 - Check plugin thirdparty
2025-04-30 16:50:32,739 [WARN] IntegrityCheckThread:84 - waiting for thirdparty lock release [integrity check]
2025-04-30 16:50:32,740 [INFO] IntegrityCheckThread:86 - entering critical section [integrity check]
2025-04-30 16:50:32,740 [INFO] ThirdPartyUpdaterWithRetryManager:70 - Updater plugin not ready yet. [1/15]
2025-04-30 16:50:32,741 [INFO] PluginManage:359 - Loaded plugin thirdparty (category:base,tabindex:-1)
2025-04-30 16:50:32,741 [INFO] PluginManage:310 - Check plugin tools
2025-04-30 16:50:32,745 [INFO] PluginManage:359 - Loaded plugin tools (category:base,tabindex:7)
2025-04-30 16:50:32,745 [INFO] PluginManage:310 - Check plugin tutovideos
2025-04-30 16:50:32,860 [INFO] PluginManage:359 - Loaded plugin tutovideos (category:base,tabindex:-1)
2025-04-30 16:50:32,860 [INFO] PluginManage:310 - Check plugin updater
2025-04-30 16:50:32,876 [INFO] PluginManage:359 - Loaded plugin updater (category:base,tabindex:12)
2025-04-30 16:50:32,876 [INFO] PluginManage:310 - Check plugin userauth
2025-04-30 16:50:32,878 [INFO] UserAuth:118 - Init User Auth plugin
2025-04-30 16:50:32,878 [INFO] PluginManage:359 - Loaded plugin userauth (category:base,tabindex:14)
2025-04-30 16:50:32,879 [INFO] PluginManage:283 - PluginManage : Loaded plugins [18]
2025-04-30 16:50:33,067 [INFO] PinOutPanel:1589 - setPackage(No Configuration,No Configuration)
2025-04-30 16:50:33,130 [INFO] CADModel:165 - CPN selected for project level
2025-04-30 16:50:33,132 [INFO] CADModel:114 - Register for checkConnection events
2025-04-30 16:50:33,146 [INFO] IPUIPlugin:80 - create IPUIPlugin
2025-04-30 16:50:33,147 [INFO] PluginManager:220 - loadIPPluginJar : add adc
2025-04-30 16:50:33,152 [INFO] IPUIPlugin:80 - create IPUIPlugin
2025-04-30 16:50:33,152 [INFO] PluginManager:220 - loadIPPluginJar : add aes
2025-04-30 16:50:33,156 [INFO] IPUIPlugin:80 - create IPUIPlugin
2025-04-30 16:50:33,156 [INFO] PluginManager:220 - loadIPPluginJar : add can
2025-04-30 16:50:33,158 [INFO] IPUIPlugin:80 - create IPUIPlugin
2025-04-30 16:50:33,158 [INFO] PluginManager:220 - loadIPPluginJar : add comp
2025-04-30 16:50:33,160 [INFO] IPUIPlugin:80 - create IPUIPlugin
2025-04-30 16:50:33,160 [INFO] PluginManager:220 - loadIPPluginJar : add cryp
2025-04-30 16:50:33,162 [INFO] IPUIPlugin:80 - create IPUIPlugin
2025-04-30 16:50:33,162 [INFO] PluginManager:220 - loadIPPluginJar : add ddr_ctrl_phy
2025-04-30 16:50:33,167 [INFO] IPUIPlugin:80 - create IPUIPlugin
2025-04-30 16:50:33,167 [INFO] PluginManager:220 - loadIPPluginJar : add dfsdm
2025-04-30 16:50:33,173 [INFO] IPUIPlugin:80 - create IPUIPlugin
2025-04-30 16:50:33,174 [INFO] PluginManager:220 - loadIPPluginJar : add dma
2025-04-30 16:50:33,176 [INFO] IPUIPlugin:80 - create IPUIPlugin
2025-04-30 16:50:33,176 [INFO] PluginManager:220 - loadIPPluginJar : add dma3
2025-04-30 16:50:33,181 [INFO] IPUIPlugin:80 - create IPUIPlugin
2025-04-30 16:50:33,181 [INFO] PluginManager:220 - loadIPPluginJar : add extmemmanager
2025-04-30 16:50:33,185 [INFO] IPUIPlugin:80 - create IPUIPlugin
2025-04-30 16:50:33,185 [INFO] PluginManager:220 - loadIPPluginJar : add fatfs
2025-04-30 16:50:33,189 [INFO] IPUIPlugin:80 - create IPUIPlugin
2025-04-30 16:50:33,189 [INFO] PluginManager:220 - loadIPPluginJar : add fmc
2025-04-30 16:50:33,193 [INFO] IPUIPlugin:80 - create IPUIPlugin
2025-04-30 16:50:33,194 [INFO] PluginManager:220 - loadIPPluginJar : add freertos
2025-04-30 16:50:33,195 [INFO] IPUIPlugin:80 - create IPUIPlugin
2025-04-30 16:50:33,195 [INFO] PluginManager:220 - loadIPPluginJar : add genericplugin
2025-04-30 16:50:33,199 [INFO] IPUIPlugin:80 - create IPUIPlugin
2025-04-30 16:50:33,199 [INFO] PluginManager:220 - loadIPPluginJar : add gfxmmu
2025-04-30 16:50:33,205 [INFO] IPUIPlugin:80 - create IPUIPlugin
2025-04-30 16:50:33,205 [INFO] PluginManager:220 - loadIPPluginJar : add gic
2025-04-30 16:50:33,209 [INFO] IPUIPlugin:80 - create IPUIPlugin
2025-04-30 16:50:33,209 [INFO] PluginManager:220 - loadIPPluginJar : add gpio
2025-04-30 16:50:33,211 [INFO] IPUIPlugin:80 - create IPUIPlugin
2025-04-30 16:50:33,211 [INFO] PluginManager:220 - loadIPPluginJar : add gtzc
2025-04-30 16:50:33,213 [INFO] IPUIPlugin:80 - create IPUIPlugin
2025-04-30 16:50:33,213 [INFO] PluginManager:220 - loadIPPluginJar : add hash
2025-04-30 16:50:33,216 [INFO] IPUIPlugin:80 - create IPUIPlugin
2025-04-30 16:50:33,217 [INFO] PluginManager:220 - loadIPPluginJar : add i2c
2025-04-30 16:50:33,219 [INFO] IPUIPlugin:80 - create IPUIPlugin
2025-04-30 16:50:33,220 [INFO] PluginManager:220 - loadIPPluginJar : add i2s
2025-04-30 16:50:33,223 [INFO] IPUIPlugin:80 - create IPUIPlugin
2025-04-30 16:50:33,223 [INFO] PluginManager:220 - loadIPPluginJar : add i3c
2025-04-30 16:50:33,226 [INFO] IPUIPlugin:80 - create IPUIPlugin
2025-04-30 16:50:33,226 [INFO] PluginManager:220 - loadIPPluginJar : add ipddr
2025-04-30 16:50:33,234 [INFO] IPUIPlugin:80 - create IPUIPlugin
2025-04-30 16:50:33,235 [INFO] PluginManager:220 - loadIPPluginJar : add linkedlist
2025-04-30 16:50:33,241 [INFO] IPUIPlugin:80 - create IPUIPlugin
2025-04-30 16:50:33,241 [INFO] PluginManager:220 - loadIPPluginJar : add lorawan
2025-04-30 16:50:33,242 [INFO] IPUIPlugin:80 - create IPUIPlugin
2025-04-30 16:50:33,242 [INFO] PluginManager:220 - loadIPPluginJar : add ltdc
2025-04-30 16:50:33,246 [INFO] IPUIPlugin:80 - create IPUIPlugin
2025-04-30 16:50:33,246 [INFO] PluginManager:220 - loadIPPluginJar : add mdma
2025-04-30 16:50:33,251 [INFO] IPUIPlugin:80 - create IPUIPlugin
2025-04-30 16:50:33,251 [INFO] PluginManager:220 - loadIPPluginJar : add nvic
2025-04-30 16:50:33,254 [INFO] IPUIPlugin:80 - create IPUIPlugin
2025-04-30 16:50:33,255 [INFO] PluginManager:220 - loadIPPluginJar : add opamp
2025-04-30 16:50:33,258 [INFO] IPUIPlugin:80 - create IPUIPlugin
2025-04-30 16:50:33,258 [INFO] PluginManager:220 - loadIPPluginJar : add openamp
2025-04-30 16:50:33,260 [INFO] IPUIPlugin:80 - create IPUIPlugin
2025-04-30 16:50:33,260 [INFO] PluginManager:220 - loadIPPluginJar : add pdm2pcm
2025-04-30 16:50:33,267 [INFO] IPUIPlugin:80 - create IPUIPlugin
2025-04-30 16:50:33,271 [INFO] PluginManager:220 - loadIPPluginJar : add plateformsettings
2025-04-30 16:50:33,274 [INFO] IPUIPlugin:80 - create IPUIPlugin
2025-04-30 16:50:33,274 [INFO] PluginManager:220 - loadIPPluginJar : add quadspi
2025-04-30 16:50:33,276 [INFO] IPUIPlugin:80 - create IPUIPlugin
2025-04-30 16:50:33,277 [INFO] PluginManager:220 - loadIPPluginJar : add radio
2025-04-30 16:50:33,281 [INFO] IPUIPlugin:80 - create IPUIPlugin
2025-04-30 16:50:33,282 [INFO] PluginManager:220 - loadIPPluginJar : add resmgrutility
2025-04-30 16:50:33,284 [INFO] IPUIPlugin:80 - create IPUIPlugin
2025-04-30 16:50:33,284 [INFO] PluginManager:220 - loadIPPluginJar : add sai
2025-04-30 16:50:33,286 [INFO] IPUIPlugin:80 - create IPUIPlugin
2025-04-30 16:50:33,286 [INFO] PluginManager:220 - loadIPPluginJar : add spi
2025-04-30 16:50:33,292 [INFO] IPUIPlugin:80 - create IPUIPlugin
2025-04-30 16:50:33,293 [INFO] PluginManager:220 - loadIPPluginJar : add stm32_wpan
2025-04-30 16:50:33,295 [INFO] IPUIPlugin:80 - create IPUIPlugin
2025-04-30 16:50:33,295 [INFO] PluginManager:220 - loadIPPluginJar : add tim
2025-04-30 16:50:33,300 [INFO] IPUIPlugin:80 - create IPUIPlugin
2025-04-30 16:50:33,300 [INFO] PluginManager:220 - loadIPPluginJar : add touchsensing
2025-04-30 16:50:33,303 [INFO] IPUIPlugin:80 - create IPUIPlugin
2025-04-30 16:50:33,303 [INFO] PluginManager:220 - loadIPPluginJar : add tracer_emb
2025-04-30 16:50:33,305 [INFO] IPUIPlugin:80 - create IPUIPlugin
2025-04-30 16:50:33,305 [INFO] PluginManager:220 - loadIPPluginJar : add ts
2025-04-30 16:50:33,307 [INFO] IPUIPlugin:80 - create IPUIPlugin
2025-04-30 16:50:33,307 [INFO] PluginManager:220 - loadIPPluginJar : add tsc
2025-04-30 16:50:33,311 [INFO] IPUIPlugin:80 - create IPUIPlugin
2025-04-30 16:50:33,311 [INFO] PluginManager:220 - loadIPPluginJar : add ucpd
2025-04-30 16:50:33,316 [INFO] IPUIPlugin:80 - create IPUIPlugin
2025-04-30 16:50:33,316 [INFO] PluginManager:220 - loadIPPluginJar : add usart
2025-04-30 16:50:33,320 [INFO] IPUIPlugin:80 - create IPUIPlugin
2025-04-30 16:50:33,321 [INFO] PluginManager:220 - loadIPPluginJar : add usbx
2025-04-30 16:50:33,502 [FATAL] Updater:351 - Updater called before beeing initialized
2025-04-30 16:50:33,528 [INFO] RulesReader:64 - Compatibility file has been processed (302 Rules)
2025-04-30 16:50:33,537 [INFO] RulesReader:64 - Compatibility file has been processed (302 Rules)
2025-04-30 16:50:33,547 [INFO] CADModel:165 - CPN selected for project level
2025-04-30 16:50:33,548 [INFO] CADModel:114 - Register for checkConnection events
2025-04-30 16:50:33,548 [FATAL] Updater:351 - Updater called before beeing initialized
2025-04-30 16:50:33,548 [ERROR] CADModel:125 - Updater not yet initialized, retry later 
2025-04-30 16:50:33,756 [FATAL] Updater:351 - Updater called before beeing initialized
2025-04-30 16:50:33,757 [INFO] CADModel:165 - CPN selected for project level
2025-04-30 16:50:33,757 [INFO] CADModel:114 - Register for checkConnection events
2025-04-30 16:50:33,757 [FATAL] Updater:351 - Updater called before beeing initialized
2025-04-30 16:50:33,757 [ERROR] CADModel:125 - Updater not yet initialized, retry later 
2025-04-30 16:50:33,759 [FATAL] Updater:351 - Updater called before beeing initialized
2025-04-30 16:50:33,866 [FATAL] Updater:351 - Updater called before beeing initialized
2025-04-30 16:50:33,869 [INFO] DbMcusAds:53 - JSON generation date=Thu Mar 06 23:54:22 KST 2025 (1741272862078)
2025-04-30 16:50:33,870 [FATAL] Updater:351 - Updater called before beeing initialized
2025-04-30 16:50:33,892 [WARN] DetailPanel:346 - Failed to get advertising image, set to default
2025-04-30 16:50:34,080 [FATAL] Updater:351 - Updater called before beeing initialized
2025-04-30 16:50:34,081 [FATAL] Updater:351 - Updater called before beeing initialized
2025-04-30 16:50:34,081 [FATAL] Updater:351 - Updater called before beeing initialized
2025-04-30 16:50:34,082 [WARN] DetailPanel:346 - Failed to get advertising image, set to default
2025-04-30 16:50:34,082 [FATAL] Updater:351 - Updater called before beeing initialized
2025-04-30 16:50:34,122 [ERROR] Updater:1198 - MainUpdater not yet initialized. External WinMGr cannot be set.
2025-04-30 16:50:34,123 [INFO] Updater:1134 - Updater Version found : 6.14.1
2025-04-30 16:50:34,138 [INFO] ApplicationProperties:184 - Using Application install path: C:\ST\STM32CubeIDE_1.18.1\STM32CubeIDE\plugins\com.st.stm32cube.common.mx_6.14.1.202504091515
2025-04-30 16:50:35,723 [ERROR] LogOutputStream:75 - [STDERR_REDIRECT] Apr 30, 2025 4:50:35 PM java.util.prefs.WindowsPreferences <init>
2025-04-30 16:50:35,727 [ERROR] LogOutputStream:75 - [STDERR_REDIRECT] WARNING: Could not open/create prefs root node Software\JavaSoft\Prefs at root 0xffffffff80000002. Windows RegCreateKeyEx(...) returned error code 5.
2025-04-30 16:50:35,728 [ERROR] LogOutputStream:75 - [STDERR_REDIRECT] 
2025-04-30 16:50:35,741 [INFO] ThirdPartyUpdaterWithRetryManager:70 - Updater plugin not ready yet. [2/15]
2025-04-30 16:50:35,960 [ERROR] ExternalUserPreferencesManager:606 - Error while get path from external application: Cannot invoke "com.st.stm32cube.common.mx.MxActivator.getBundle()" because the return value of "com.st.stm32cube.common.mx.MxActivator.getDefault()" is null
2025-04-30 16:50:35,961 [ERROR] ExternalUserPreferencesManager:336 - Error while get preference info from external application: Cannot invoke "com.st.stm32cube.common.mx.MxActivator.getBundle()" because the return value of "com.st.stm32cube.common.mx.MxActivator.getDefault()" is null
2025-04-30 16:50:35,962 [ERROR] ExternalUserPreferencesManager:560 - Error while get preference info from external application: Cannot invoke "com.st.stm32cube.common.mx.MxActivator.getBundle()" because the return value of "com.st.stm32cube.common.mx.MxActivator.getDefault()" is null
2025-04-30 16:50:36,178 [ERROR] CheckConnectionManager:302 - Problem during Server Connection : Module has been uninstalled. osgi.identity; type="osgi.bundle"; version:Version="6.14.1.202504091515"; osgi.identity="com.st.stm32cube.common.mx"; singleton:="true" [id=13]
2025-04-30 16:50:36,180 [ERROR] LogOutputStream:75 - [STDERR_REDIRECT] 
2025-04-30 16:52:51,985 [INFO] Activator:176 - 


2025-04-30 16:52:51,986 [INFO] Activator:177 - !SESSION log4j initialized
2025-04-30 16:52:54,846 [INFO] LogOutputStream:77 - [STDOUT_REDIRECT] 
2025-04-30 16:52:56,731 [INFO] ApplicationProperties:184 - Using Application install path: C:\ST\STM32CubeIDE_1.18.1\STM32CubeIDE\plugins\com.st.stm32cube.common.mx_6.14.1.202504091515
2025-04-30 16:52:56,753 [INFO] DbMcusXml:78 - Set database path to: C:\ST\STM32CubeIDE_1.18.1\STM32CubeIDE\plugins\com.st.stm32cube.common.mx_6.14.1.202504091515\\db\/mcu/
2025-04-30 16:52:56,753 [INFO] ApiDb:274 - Set plugin database path to: C:\ST\STM32CubeIDE_1.18.1\STM32CubeIDE\plugins\com.st.stm32cube.common.mx_6.14.1.202504091515\\db\/plugins/boardmanager/
2025-04-30 16:52:56,754 [WARN] ApiDb:259 - Overriding images path with different value:  => C:\ST\STM32CubeIDE_1.18.1\STM32CubeIDE\plugins\com.st.stm32cube.common.mx_6.14.1.202504091515\\db\/plugins/mcufinder/images/
2025-04-30 16:52:56,761 [INFO] ApiDb:250 - Set database path to: C:\Users\USER\.stmcufinder\plugins\mcufinder//mcu/
2025-04-30 16:52:56,763 [INFO] DbMcusAds:125 - Set database path to: C:\Users\USER\.stmcufinder\plugins\mcufinder//mcu/
2025-04-30 16:52:56,768 [INFO] CrossReferenceDbSqlite:203 - Set database path to: C:\Users\USER\.stmcufinder\plugins\mcufinder//mcu/cs/
2025-04-30 16:52:56,914 [INFO] RulesReader:64 - Compatibility file has been processed (302 Rules)
2025-04-30 16:52:57,031 [INFO] DbMcusXml:78 - Set database path to: C:\ST\STM32CubeIDE_1.18.1\STM32CubeIDE\plugins\com.st.stm32cube.common.mx_6.14.1.202504091515\\db\/mcu/
2025-04-30 16:52:57,031 [INFO] ApiDb:274 - Set plugin database path to: C:\ST\STM32CubeIDE_1.18.1\STM32CubeIDE\plugins\com.st.stm32cube.common.mx_6.14.1.202504091515\\db\/plugins/boardmanager/
2025-04-30 16:52:57,031 [INFO] ApiDb:261 - Set plugin images path to: C:\ST\STM32CubeIDE_1.18.1\STM32CubeIDE\plugins\com.st.stm32cube.common.mx_6.14.1.202504091515\\db\/plugins/mcufinder/images/
2025-04-30 16:52:57,031 [WARN] DbFile:41 - Overriding database path with different value: C:\Users\USER\.stmcufinder\plugins\mcufinder/ => C:\Users\USER\.stmcufinder\plugins\mcufinder
2025-04-30 16:52:57,032 [INFO] ApiDb:250 - Set database path to: C:\Users\USER\.stmcufinder\plugins\mcufinder//mcu/
2025-04-30 16:52:57,032 [WARN] DbFile:41 - Overriding database path with different value: C:\Users\USER\.stmcufinder\plugins\mcufinder/ => C:\Users\USER\.stmcufinder\plugins\mcufinder
2025-04-30 16:52:57,032 [INFO] DbMcusAds:125 - Set database path to: C:\Users\USER\.stmcufinder\plugins\mcufinder//mcu/
2025-04-30 16:52:57,032 [WARN] DbFile:41 - Overriding database path with different value: C:\Users\USER\.stmcufinder\plugins\mcufinder/ => C:\Users\USER\.stmcufinder\plugins\mcufinder
2025-04-30 16:52:57,032 [WARN] DbFile:41 - Overriding database path with different value: C:\Users\USER\.stmcufinder\plugins\mcufinder/ => C:\Users\USER\.stmcufinder\plugins\mcufinder
2025-04-30 16:52:57,032 [INFO] CrossReferenceDbSqlite:203 - Set database path to: C:\Users\USER\.stmcufinder\plugins\mcufinder//mcu/cs/
2025-04-30 16:52:57,106 [INFO] MainPanel:272 - HeapMemory: 268435456
2025-04-30 16:52:57,174 [INFO] DbMcusXml:78 - Set database path to: C:\ST\STM32CubeIDE_1.18.1\STM32CubeIDE\plugins\com.st.stm32cube.common.mx_6.14.1.202504091515\\db\/mcu/
2025-04-30 16:52:57,174 [INFO] ApiDb:274 - Set plugin database path to: C:\ST\STM32CubeIDE_1.18.1\STM32CubeIDE\plugins\com.st.stm32cube.common.mx_6.14.1.202504091515\\db\/plugins/boardmanager/
2025-04-30 16:52:57,175 [INFO] ApiDb:261 - Set plugin images path to: C:\ST\STM32CubeIDE_1.18.1\STM32CubeIDE\plugins\com.st.stm32cube.common.mx_6.14.1.202504091515\\db\/plugins/mcufinder/images/
2025-04-30 16:52:57,175 [WARN] DbFile:41 - Overriding database path with different value: C:\Users\USER\.stmcufinder\plugins\mcufinder/ => C:\Users\USER\.stmcufinder\plugins\mcufinder
2025-04-30 16:52:57,175 [INFO] ApiDb:250 - Set database path to: C:\Users\USER\.stmcufinder\plugins\mcufinder//mcu/
2025-04-30 16:52:57,175 [WARN] DbFile:41 - Overriding database path with different value: C:\Users\USER\.stmcufinder\plugins\mcufinder/ => C:\Users\USER\.stmcufinder\plugins\mcufinder
2025-04-30 16:52:57,175 [INFO] DbMcusAds:125 - Set database path to: C:\Users\USER\.stmcufinder\plugins\mcufinder//mcu/
2025-04-30 16:52:57,175 [WARN] DbFile:41 - Overriding database path with different value: C:\Users\USER\.stmcufinder\plugins\mcufinder/ => C:\Users\USER\.stmcufinder\plugins\mcufinder
2025-04-30 16:52:57,175 [WARN] DbFile:41 - Overriding database path with different value: C:\Users\USER\.stmcufinder\plugins\mcufinder/ => C:\Users\USER\.stmcufinder\plugins\mcufinder
2025-04-30 16:52:57,175 [INFO] CrossReferenceDbSqlite:203 - Set database path to: C:\Users\USER\.stmcufinder\plugins\mcufinder//mcu/cs/
2025-04-30 16:52:57,191 [INFO] ApplicationProperties:184 - Using Application install path: C:\ST\STM32CubeIDE_1.18.1\STM32CubeIDE\plugins\com.st.stm32cube.common.mx_6.14.1.202504091515
2025-04-30 16:52:57,192 [INFO] PluginManage:196 - Search for loadable plugins [exclusion list=, ]
2025-04-30 16:52:57,193 [INFO] PluginManage:310 - Check plugin analytics
2025-04-30 16:52:57,404 [INFO] AnalyticsPlugin:253 - Accepted Software Licenses: 
2025-04-30 16:52:57,404 [INFO] AnalyticsPlugin:255 - Accepted CMSIS Pack Licenses: 
2025-04-30 16:52:57,405 [INFO] AnalyticsPlugin:257 - Accepted Firmware Licenses: 
2025-04-30 16:52:57,408 [INFO] PluginManage:359 - Loaded plugin analytics (category:tool,tabindex:-1)
2025-04-30 16:52:57,409 [INFO] PluginManage:310 - Check plugin cadmodel
2025-04-30 16:52:57,414 [INFO] CADModel:105 - Init CAD model plugin
2025-04-30 16:52:57,414 [INFO] PluginManage:359 - Loaded plugin cadmodel (category:power,tabindex:5)
2025-04-30 16:52:57,415 [INFO] PluginManage:310 - Check plugin clock
2025-04-30 16:52:57,424 [INFO] PluginManage:359 - Loaded plugin clock (category:base,tabindex:2)
2025-04-30 16:52:57,425 [INFO] PluginManage:310 - Check plugin ddr
2025-04-30 16:52:57,427 [INFO] PluginManage:359 - Loaded plugin ddr (category:tool,tabindex:6)
2025-04-30 16:52:57,427 [INFO] PluginManage:310 - Check plugin filemanager
2025-04-30 16:52:57,644 [INFO] PluginManage:359 - Loaded plugin filemanager (category:base,tabindex:10)
2025-04-30 16:52:57,644 [INFO] PluginManage:310 - Check plugin ipmanager
2025-04-30 16:52:57,650 [INFO] PluginManage:359 - Loaded plugin ipmanager (category:base,tabindex:5)
2025-04-30 16:52:57,650 [INFO] PluginManage:310 - Check plugin lpbam
2025-04-30 16:52:57,657 [INFO] PluginManage:359 - Loaded plugin lpbam (category:base,tabindex:0)
2025-04-30 16:52:57,657 [INFO] PluginManage:310 - Check plugin memorymap
2025-04-30 16:52:57,663 [INFO] PluginManage:359 - Loaded plugin memorymap (category:base,tabindex:4)
2025-04-30 16:52:57,664 [INFO] PluginManage:310 - Check plugin pinoutandconfiguration
2025-04-30 16:52:57,669 [INFO] PluginManage:359 - Loaded plugin pinoutandconfiguration (category:base,tabindex:1)
2025-04-30 16:52:57,670 [INFO] PluginManage:310 - Check plugin pinoutconfig
2025-04-30 16:52:57,756 [WARN] SupportedApi:132 - Cannot load RTOS API schema: s4s-elt-must-match.1: The content of 'definitions' must match (annotation?, (simpleType | complexType)?, (unique | key | keyref)*)). A problem was found starting at: attribute.
2025-04-30 16:52:57,898 [INFO] PluginManage:359 - Loaded plugin pinoutconfig (category:base,tabindex:0)
2025-04-30 16:52:57,898 [INFO] PluginManage:310 - Check plugin power
2025-04-30 16:52:57,906 [INFO] PluginManage:359 - Loaded plugin power (category:power,tabindex:4)
2025-04-30 16:52:57,906 [INFO] PluginManage:310 - Check plugin projectmanager
2025-04-30 16:52:57,921 [INFO] PluginManage:359 - Loaded plugin projectmanager (category:projectmanager,tabindex:4)
2025-04-30 16:52:57,921 [INFO] PluginManage:310 - Check plugin rif
2025-04-30 16:52:57,930 [INFO] PluginManage:359 - Loaded plugin rif (category:base,tabindex:3)
2025-04-30 16:52:57,930 [INFO] PluginManage:310 - Check plugin thirdparty
2025-04-30 16:52:58,091 [INFO] PluginManage:359 - Loaded plugin thirdparty (category:base,tabindex:-1)
2025-04-30 16:52:58,092 [INFO] PluginManage:310 - Check plugin tools
2025-04-30 16:52:58,091 [WARN] IntegrityCheckThread:84 - waiting for thirdparty lock release [integrity check]
2025-04-30 16:52:58,092 [INFO] IntegrityCheckThread:86 - entering critical section [integrity check]
2025-04-30 16:52:58,092 [INFO] ThirdPartyUpdaterWithRetryManager:70 - Updater plugin not ready yet. [1/15]
2025-04-30 16:52:58,094 [INFO] PluginManage:359 - Loaded plugin tools (category:base,tabindex:7)
2025-04-30 16:52:58,094 [INFO] PluginManage:310 - Check plugin tutovideos
2025-04-30 16:52:58,254 [INFO] PluginManage:359 - Loaded plugin tutovideos (category:base,tabindex:-1)
2025-04-30 16:52:58,254 [INFO] PluginManage:310 - Check plugin updater
2025-04-30 16:52:58,280 [INFO] PluginManage:359 - Loaded plugin updater (category:base,tabindex:12)
2025-04-30 16:52:58,281 [INFO] PluginManage:310 - Check plugin userauth
2025-04-30 16:52:58,287 [INFO] UserAuth:118 - Init User Auth plugin
2025-04-30 16:52:58,288 [INFO] PluginManage:359 - Loaded plugin userauth (category:base,tabindex:14)
2025-04-30 16:52:58,289 [INFO] PluginManage:283 - PluginManage : Loaded plugins [18]
2025-04-30 16:52:58,565 [INFO] PinOutPanel:1589 - setPackage(No Configuration,No Configuration)
2025-04-30 16:52:58,634 [INFO] CADModel:165 - CPN selected for project level
2025-04-30 16:52:58,635 [INFO] CADModel:114 - Register for checkConnection events
2025-04-30 16:52:58,655 [INFO] IPUIPlugin:80 - create IPUIPlugin
2025-04-30 16:52:58,656 [INFO] PluginManager:220 - loadIPPluginJar : add adc
2025-04-30 16:52:58,659 [INFO] IPUIPlugin:80 - create IPUIPlugin
2025-04-30 16:52:58,659 [INFO] PluginManager:220 - loadIPPluginJar : add aes
2025-04-30 16:52:58,662 [INFO] IPUIPlugin:80 - create IPUIPlugin
2025-04-30 16:52:58,662 [INFO] PluginManager:220 - loadIPPluginJar : add can
2025-04-30 16:52:58,664 [INFO] IPUIPlugin:80 - create IPUIPlugin
2025-04-30 16:52:58,664 [INFO] PluginManager:220 - loadIPPluginJar : add comp
2025-04-30 16:52:58,667 [INFO] IPUIPlugin:80 - create IPUIPlugin
2025-04-30 16:52:58,667 [INFO] PluginManager:220 - loadIPPluginJar : add cryp
2025-04-30 16:52:58,672 [INFO] IPUIPlugin:80 - create IPUIPlugin
2025-04-30 16:52:58,672 [INFO] PluginManager:220 - loadIPPluginJar : add ddr_ctrl_phy
2025-04-30 16:52:58,675 [INFO] IPUIPlugin:80 - create IPUIPlugin
2025-04-30 16:52:58,676 [INFO] PluginManager:220 - loadIPPluginJar : add dfsdm
2025-04-30 16:52:58,680 [INFO] IPUIPlugin:80 - create IPUIPlugin
2025-04-30 16:52:58,681 [INFO] PluginManager:220 - loadIPPluginJar : add dma
2025-04-30 16:52:58,684 [INFO] IPUIPlugin:80 - create IPUIPlugin
2025-04-30 16:52:58,684 [INFO] PluginManager:220 - loadIPPluginJar : add dma3
2025-04-30 16:52:58,687 [INFO] IPUIPlugin:80 - create IPUIPlugin
2025-04-30 16:52:58,688 [INFO] PluginManager:220 - loadIPPluginJar : add extmemmanager
2025-04-30 16:52:58,689 [INFO] IPUIPlugin:80 - create IPUIPlugin
2025-04-30 16:52:58,689 [INFO] PluginManager:220 - loadIPPluginJar : add fatfs
2025-04-30 16:52:58,693 [INFO] IPUIPlugin:80 - create IPUIPlugin
2025-04-30 16:52:58,693 [INFO] PluginManager:220 - loadIPPluginJar : add fmc
2025-04-30 16:52:58,701 [INFO] IPUIPlugin:80 - create IPUIPlugin
2025-04-30 16:52:58,701 [INFO] PluginManager:220 - loadIPPluginJar : add freertos
2025-04-30 16:52:58,705 [INFO] IPUIPlugin:80 - create IPUIPlugin
2025-04-30 16:52:58,705 [INFO] PluginManager:220 - loadIPPluginJar : add genericplugin
2025-04-30 16:52:58,707 [INFO] IPUIPlugin:80 - create IPUIPlugin
2025-04-30 16:52:58,707 [INFO] PluginManager:220 - loadIPPluginJar : add gfxmmu
2025-04-30 16:52:58,711 [INFO] IPUIPlugin:80 - create IPUIPlugin
2025-04-30 16:52:58,711 [INFO] PluginManager:220 - loadIPPluginJar : add gic
2025-04-30 16:52:58,714 [INFO] IPUIPlugin:80 - create IPUIPlugin
2025-04-30 16:52:58,715 [INFO] PluginManager:220 - loadIPPluginJar : add gpio
2025-04-30 16:52:58,718 [INFO] IPUIPlugin:80 - create IPUIPlugin
2025-04-30 16:52:58,719 [INFO] PluginManager:220 - loadIPPluginJar : add gtzc
2025-04-30 16:52:58,723 [INFO] IPUIPlugin:80 - create IPUIPlugin
2025-04-30 16:52:58,723 [INFO] PluginManager:220 - loadIPPluginJar : add hash
2025-04-30 16:52:58,725 [INFO] IPUIPlugin:80 - create IPUIPlugin
2025-04-30 16:52:58,725 [INFO] PluginManager:220 - loadIPPluginJar : add i2c
2025-04-30 16:52:58,728 [INFO] IPUIPlugin:80 - create IPUIPlugin
2025-04-30 16:52:58,728 [INFO] PluginManager:220 - loadIPPluginJar : add i2s
2025-04-30 16:52:58,733 [INFO] IPUIPlugin:80 - create IPUIPlugin
2025-04-30 16:52:58,733 [INFO] PluginManager:220 - loadIPPluginJar : add i3c
2025-04-30 16:52:58,739 [INFO] IPUIPlugin:80 - create IPUIPlugin
2025-04-30 16:52:58,739 [INFO] PluginManager:220 - loadIPPluginJar : add ipddr
2025-04-30 16:52:58,748 [INFO] IPUIPlugin:80 - create IPUIPlugin
2025-04-30 16:52:58,748 [INFO] PluginManager:220 - loadIPPluginJar : add linkedlist
2025-04-30 16:52:58,754 [INFO] IPUIPlugin:80 - create IPUIPlugin
2025-04-30 16:52:58,754 [INFO] PluginManager:220 - loadIPPluginJar : add lorawan
2025-04-30 16:52:58,756 [INFO] IPUIPlugin:80 - create IPUIPlugin
2025-04-30 16:52:58,756 [INFO] PluginManager:220 - loadIPPluginJar : add ltdc
2025-04-30 16:52:58,761 [INFO] IPUIPlugin:80 - create IPUIPlugin
2025-04-30 16:52:58,761 [INFO] PluginManager:220 - loadIPPluginJar : add mdma
2025-04-30 16:52:58,765 [INFO] IPUIPlugin:80 - create IPUIPlugin
2025-04-30 16:52:58,765 [INFO] PluginManager:220 - loadIPPluginJar : add nvic
2025-04-30 16:52:58,770 [INFO] IPUIPlugin:80 - create IPUIPlugin
2025-04-30 16:52:58,771 [INFO] PluginManager:220 - loadIPPluginJar : add opamp
2025-04-30 16:52:58,774 [INFO] IPUIPlugin:80 - create IPUIPlugin
2025-04-30 16:52:58,775 [INFO] PluginManager:220 - loadIPPluginJar : add openamp
2025-04-30 16:52:58,779 [INFO] IPUIPlugin:80 - create IPUIPlugin
2025-04-30 16:52:58,779 [INFO] PluginManager:220 - loadIPPluginJar : add pdm2pcm
2025-04-30 16:52:58,788 [INFO] IPUIPlugin:80 - create IPUIPlugin
2025-04-30 16:52:58,795 [INFO] PluginManager:220 - loadIPPluginJar : add plateformsettings
2025-04-30 16:52:58,796 [INFO] IPUIPlugin:80 - create IPUIPlugin
2025-04-30 16:52:58,796 [INFO] PluginManager:220 - loadIPPluginJar : add quadspi
2025-04-30 16:52:58,800 [INFO] IPUIPlugin:80 - create IPUIPlugin
2025-04-30 16:52:58,802 [INFO] PluginManager:220 - loadIPPluginJar : add radio
2025-04-30 16:52:58,804 [INFO] IPUIPlugin:80 - create IPUIPlugin
2025-04-30 16:52:58,805 [INFO] PluginManager:220 - loadIPPluginJar : add resmgrutility
2025-04-30 16:52:58,807 [INFO] IPUIPlugin:80 - create IPUIPlugin
2025-04-30 16:52:58,807 [INFO] PluginManager:220 - loadIPPluginJar : add sai
2025-04-30 16:52:58,808 [INFO] IPUIPlugin:80 - create IPUIPlugin
2025-04-30 16:52:58,808 [INFO] PluginManager:220 - loadIPPluginJar : add spi
2025-04-30 16:52:58,812 [INFO] IPUIPlugin:80 - create IPUIPlugin
2025-04-30 16:52:58,812 [INFO] PluginManager:220 - loadIPPluginJar : add stm32_wpan
2025-04-30 16:52:58,813 [INFO] IPUIPlugin:80 - create IPUIPlugin
2025-04-30 16:52:58,813 [INFO] PluginManager:220 - loadIPPluginJar : add tim
2025-04-30 16:52:58,817 [INFO] IPUIPlugin:80 - create IPUIPlugin
2025-04-30 16:52:58,817 [INFO] PluginManager:220 - loadIPPluginJar : add touchsensing
2025-04-30 16:52:58,820 [INFO] IPUIPlugin:80 - create IPUIPlugin
2025-04-30 16:52:58,821 [INFO] PluginManager:220 - loadIPPluginJar : add tracer_emb
2025-04-30 16:52:58,822 [INFO] IPUIPlugin:80 - create IPUIPlugin
2025-04-30 16:52:58,822 [INFO] PluginManager:220 - loadIPPluginJar : add ts
2025-04-30 16:52:58,824 [INFO] IPUIPlugin:80 - create IPUIPlugin
2025-04-30 16:52:58,824 [INFO] PluginManager:220 - loadIPPluginJar : add tsc
2025-04-30 16:52:58,825 [INFO] IPUIPlugin:80 - create IPUIPlugin
2025-04-30 16:52:58,826 [INFO] PluginManager:220 - loadIPPluginJar : add ucpd
2025-04-30 16:52:58,827 [INFO] IPUIPlugin:80 - create IPUIPlugin
2025-04-30 16:52:58,827 [INFO] PluginManager:220 - loadIPPluginJar : add usart
2025-04-30 16:52:58,830 [INFO] IPUIPlugin:80 - create IPUIPlugin
2025-04-30 16:52:58,830 [INFO] PluginManager:220 - loadIPPluginJar : add usbx
2025-04-30 16:52:58,975 [FATAL] Updater:351 - Updater called before beeing initialized
2025-04-30 16:52:59,004 [INFO] RulesReader:64 - Compatibility file has been processed (302 Rules)
2025-04-30 16:52:59,012 [INFO] RulesReader:64 - Compatibility file has been processed (302 Rules)
2025-04-30 16:52:59,019 [INFO] CADModel:165 - CPN selected for project level
2025-04-30 16:52:59,020 [INFO] CADModel:114 - Register for checkConnection events
2025-04-30 16:52:59,020 [FATAL] Updater:351 - Updater called before beeing initialized
2025-04-30 16:52:59,020 [ERROR] CADModel:125 - Updater not yet initialized, retry later 
2025-04-30 16:52:59,172 [FATAL] Updater:351 - Updater called before beeing initialized
2025-04-30 16:52:59,174 [INFO] CADModel:165 - CPN selected for project level
2025-04-30 16:52:59,174 [INFO] CADModel:114 - Register for checkConnection events
2025-04-30 16:52:59,174 [FATAL] Updater:351 - Updater called before beeing initialized
2025-04-30 16:52:59,174 [ERROR] CADModel:125 - Updater not yet initialized, retry later 
2025-04-30 16:52:59,177 [FATAL] Updater:351 - Updater called before beeing initialized
2025-04-30 16:52:59,270 [FATAL] Updater:351 - Updater called before beeing initialized
2025-04-30 16:52:59,274 [INFO] DbMcusAds:53 - JSON generation date=Thu Mar 06 23:54:22 KST 2025 (1741272862078)
2025-04-30 16:52:59,274 [FATAL] Updater:351 - Updater called before beeing initialized
2025-04-30 16:52:59,314 [WARN] DetailPanel:346 - Failed to get advertising image, set to default
2025-04-30 16:52:59,537 [FATAL] Updater:351 - Updater called before beeing initialized
2025-04-30 16:52:59,538 [FATAL] Updater:351 - Updater called before beeing initialized
2025-04-30 16:52:59,538 [FATAL] Updater:351 - Updater called before beeing initialized
2025-04-30 16:52:59,538 [WARN] DetailPanel:346 - Failed to get advertising image, set to default
2025-04-30 16:52:59,539 [FATAL] Updater:351 - Updater called before beeing initialized
2025-04-30 16:52:59,597 [ERROR] Updater:1198 - MainUpdater not yet initialized. External WinMGr cannot be set.
2025-04-30 16:52:59,598 [INFO] Updater:1134 - Updater Version found : 6.14.1
2025-04-30 16:52:59,618 [INFO] ApplicationProperties:184 - Using Application install path: C:\ST\STM32CubeIDE_1.18.1\STM32CubeIDE\plugins\com.st.stm32cube.common.mx_6.14.1.202504091515
2025-04-30 16:53:01,095 [INFO] ThirdPartyUpdaterWithRetryManager:70 - Updater plugin not ready yet. [2/15]
2025-04-30 16:53:01,192 [ERROR] LogOutputStream:75 - [STDERR_REDIRECT] Apr 30, 2025 4:53:01 PM java.util.prefs.WindowsPreferences <init>
2025-04-30 16:53:01,193 [ERROR] LogOutputStream:75 - [STDERR_REDIRECT] WARNING: Could not open/create prefs root node Software\JavaSoft\Prefs at root 0xffffffff80000002. Windows RegCreateKeyEx(...) returned error code 5.
2025-04-30 16:53:01,193 [ERROR] LogOutputStream:75 - [STDERR_REDIRECT] 
2025-04-30 16:53:01,526 [INFO] MainUpdater:2872 - connection check result : 10
2025-04-30 16:53:01,526 [INFO] MainUpdater:289 - Updater Check For Update Now.
2025-04-30 16:53:01,527 [INFO] MicroXplorer:498 - Change Database Version : DB.6.0.141
2025-04-30 16:53:01,550 [INFO] McuFinderGlobals:63 - Set McuFinder mode to 2 (CubeIDE integrated)
2025-04-30 16:53:01,551 [INFO] UserAuth:484 - Internet connection configuration mode: 1
2025-04-30 16:53:01,571 [INFO] JxBrowserEngine:152 - Initiate JxBrowser Engine with user profile folder
2025-04-30 16:53:01,698 [INFO] CheckServerUpdateThread:120 - End of CheckServer Thread
2025-04-30 16:53:02,232 [INFO] WebApp:169 - Instantiating new browser for Auth
2025-04-30 16:53:03,078 [INFO] WebApp:463 - Apply proxy settings
2025-04-30 16:53:03,079 [INFO] WebApp:548 - Chromium requires no authentication
2025-04-30 16:53:03,091 [INFO] WebApp:491 - Direct internet connection detected
2025-04-30 16:53:03,118 [INFO] WebApp:894 - Register for checkConnection events
2025-04-30 16:53:03,119 [INFO] WebApp:463 - Apply proxy settings
2025-04-30 16:53:03,119 [INFO] WebApp:548 - Chromium requires no authentication
2025-04-30 16:53:03,120 [INFO] WebApp:491 - Direct internet connection detected
2025-04-30 16:53:03,247 [INFO] WebApp:225 - Starting web application
2025-04-30 16:53:03,247 [INFO] WebApp:593 - Web application path used C:\ST\STM32CubeIDE_1.18.1\STM32CubeIDE\plugins\com.st.stm32cube.common.mx_6.14.1.202504091515\db\plugins\mcufinder\reactClient1\index.html
2025-04-30 16:53:03,346 [INFO] UserAuth:484 - Internet connection configuration mode: 1
2025-04-30 16:53:03,468 [INFO] WebApp:191 - Connection restablished
2025-04-30 16:53:04,390 [WARN] PackLoader:240 - Cannot read IP mode file for STMicroelectronics.FP-SNS-MOTENVWB1.1.4.0
2025-04-30 16:53:04,402 [WARN] PackLoader:240 - Cannot read IP mode file for STMicroelectronics.FP-ATR-ASTRA1.2.0.2
2025-04-30 16:53:04,406 [WARN] PackLoader:240 - Cannot read IP mode file for STMicroelectronics.FP-ATR-ASTRA1.2.0.1
2025-04-30 16:53:04,421 [WARN] PackLoader:240 - Cannot read IP mode file for STMicroelectronics.X-CUBE-SMBUS.2.1.0
2025-04-30 16:53:04,434 [WARN] PackLoader:240 - Cannot read IP mode file for STMicroelectronics.X-CUBE-WB05N.1.1.0
2025-04-30 16:53:04,486 [WARN] PackLoader:240 - Cannot read IP mode file for STMicroelectronics.X-CUBE-AZRTOS-F7.1.1.0
2025-04-30 16:53:04,495 [WARN] PackLoader:240 - Cannot read IP mode file for STMicroelectronics.FP-SNS-FLIGHT1.5.0.2
2025-04-30 16:53:04,550 [WARN] PackLoader:240 - Cannot read IP mode file for Infineon.AIROC-Wi-Fi-Bluetooth-STM32.1.7.0
2025-04-30 16:53:04,575 [WARN] PackLoader:240 - Cannot read IP mode file for STMicroelectronics.X-CUBE-DISPLAY.3.0.0
2025-04-30 16:53:04,590 [WARN] PackLoader:240 - Cannot read IP mode file for STMicroelectronics.X-CUBE-BLE1.7.0.0
2025-04-30 16:53:04,608 [WARN] PackLoader:240 - Cannot read IP mode file for STMicroelectronics.X-CUBE-NFC10.1.0.0
2025-04-30 16:53:04,627 [WARN] PackLoader:240 - Cannot read IP mode file for STMicroelectronics.X-CUBE-BLEMGR.4.0.0
2025-04-30 16:53:04,639 [WARN] PackLoader:240 - Cannot read IP mode file for emotas.I-CUBE-CANOPEN.1.3.0
2025-04-30 16:53:04,643 [WARN] PackLoader:240 - Cannot read IP mode file for STMicroelectronics.X-CUBE-AI.10.0.0
2025-04-30 16:53:04,648 [WARN] PackLoader:240 - Cannot read IP mode file for STMicroelectronics.FP-SNS-SMARTAG2.1.2.0
2025-04-30 16:53:04,656 [WARN] PackLoader:240 - Cannot read IP mode file for STMicroelectronics.FP-SNS-FLIGHT1.5.1.0
2025-04-30 16:53:04,698 [WARN] PackLoader:240 - Cannot read IP mode file for STMicroelectronics.X-CUBE-MEMS1.11.1.0
2025-04-30 16:53:04,870 [INFO] LogOutputStream:77 - [STDOUT_REDIRECT] 1 : Invalid condition id : UX_CORESTACK_Condition cause : null
2025-04-30 16:53:04,871 [INFO] LogOutputStream:77 - [STDOUT_REDIRECT] 1 : Invalid condition id : UX_CORESTACK_Condition cause : null
2025-04-30 16:53:04,872 [INFO] LogOutputStream:77 - [STDOUT_REDIRECT] 1 : Invalid condition id : UX_CORESTACK_Condition cause : null
2025-04-30 16:53:04,874 [INFO] LogOutputStream:77 - [STDOUT_REDIRECT] 1 : Invalid condition id : UX_CORESTACK_Condition cause : null
2025-04-30 16:53:04,879 [INFO] LogOutputStream:77 - [STDOUT_REDIRECT] 1 : Invalid condition id : UX_CORESTACK_Condition cause : null
2025-04-30 16:53:04,894 [WARN] PackLoader:240 - Cannot read IP mode file for STMicroelectronics.X-CUBE-AZRTOS-WL.2.0.0
2025-04-30 16:53:04,913 [WARN] PackLoader:240 - Cannot read IP mode file for STMicroelectronics.FP-SNS-MOTENV1.5.0.0
2025-04-30 16:53:04,943 [WARN] PackLoader:240 - Cannot read IP mode file for WES.I-CUBE-Cesium.1.3.0
2025-04-30 16:53:04,953 [WARN] PackLoader:240 - Cannot read IP mode file for STMicroelectronics.X-CUBE-BLE2.3.3.0
2025-04-30 16:53:04,962 [WARN] PackLoader:240 - Cannot read IP mode file for STMicroelectronics.X-CUBE-NFC9.1.0.0
2025-04-30 16:53:04,971 [WARN] PackLoader:240 - Cannot read IP mode file for STMicroelectronics.X-CUBE-BLE1.7.1.0
2025-04-30 16:53:04,982 [WARN] PackLoader:240 - Cannot read IP mode file for wolfSSL.I-CUBE-wolfMQTT.1.19.2
2025-04-30 16:53:05,101 [WARN] PackLoader:240 - Cannot read IP mode file for STMicroelectronics.X-CUBE-MEMS1.11.2.0
2025-04-30 16:53:05,215 [WARN] PackLoader:240 - Cannot read IP mode file for STMicroelectronics.X-CUBE-AZRTOS-G0.1.1.0
2025-04-30 16:53:05,244 [WARN] PackLoader:240 - Cannot read IP mode file for STMicroelectronics.X-CUBE-SAFEA1.1.2.2
2025-04-30 16:53:05,250 [WARN] PackLoader:240 - Cannot read IP mode file for STMicroelectronics.X-CUBE-NFC4.3.0.0
2025-04-30 16:53:05,258 [WARN] PackLoader:240 - Cannot read IP mode file for EmbeddedOffice.I-CUBE-FS-RTOS.1.0.1
2025-04-30 16:53:05,263 [WARN] PackLoader:240 - Cannot read IP mode file for STMicroelectronics.X-CUBE-WB05N.2.0.0
2025-04-30 16:53:05,268 [WARN] PackLoader:240 - Cannot read IP mode file for wolfSSL.I-CUBE-wolfTPM.3.8.0
2025-04-30 16:53:05,274 [WARN] PackLoader:240 - Cannot read IP mode file for STMicroelectronics.X-CUBE-TCPP.4.2.0
2025-04-30 16:53:05,282 [WARN] PackLoader:240 - Cannot read IP mode file for RealThread.X-CUBE-RT-Thread_Nano.4.1.1
2025-04-30 16:53:05,289 [WARN] PackLoader:240 - Cannot read IP mode file for STMicroelectronics.FP-ATR-SIGFOX1.3.2.0
2025-04-30 16:53:05,294 [WARN] ConditionMgr:438 - getConditionDescription Invalid condition id : Cortex-A Device cause : null
2025-04-30 16:53:05,315 [WARN] ConditionMgr:1044 - genDependencies : Invalid condition id : Cortex-A Device cause : null
2025-04-30 16:53:05,315 [WARN] ConditionMgr:1044 - genDependencies : Invalid condition id : Cortex-A Device cause : null
2025-04-30 16:53:05,315 [WARN] ConditionMgr:1044 - genDependencies : Invalid condition id : Cortex-A Device cause : null
2025-04-30 16:53:05,324 [WARN] PackLoader:240 - Cannot read IP mode file for STMicroelectronics.X-CUBE-EEPRMA1.5.1.0
2025-04-30 16:53:05,331 [WARN] PackLoader:240 - Cannot read IP mode file for wolfSSL.I-CUBE-wolfSSL.5.7.6
2025-04-30 16:53:05,347 [WARN] PackLoader:240 - Cannot read IP mode file for ITTIA_DB.I-CUBE-ITTIADB.8.9.0
2025-04-30 16:53:05,367 [WARN] PackLoader:240 - Cannot read IP mode file for SEGGER.I-CUBE-embOS.1.3.1
2025-04-30 16:53:05,391 [WARN] PackLoader:240 - Cannot read IP mode file for STMicroelectronics.X-CUBE-ALGOBUILD.1.4.0
2025-04-30 16:53:05,405 [WARN] PackLoader:240 - Cannot read IP mode file for STMicroelectronics.X-CUBE-AZRTOS-F4.1.1.0
2025-04-30 16:53:05,412 [WARN] PackLoader:240 - Cannot read IP mode file for Avnet-IotConnect.X-CUBE-IoTC-DA16k-PMOD.1.0.0
2025-04-30 16:53:05,418 [WARN] PackLoader:240 - Cannot read IP mode file for STMicroelectronics.X-CUBE-ISPU.2.1.0
2025-04-30 16:53:05,429 [WARN] PackLoader:240 - Cannot read IP mode file for STMicroelectronics.X-CUBE-AZRTOS-L5.2.0.0
2025-04-30 16:53:05,438 [WARN] PackLoader:240 - Cannot read IP mode file for STMicroelectronics.X-CUBE-NFC6.3.1.0
2025-04-30 16:53:05,444 [WARN] PackLoader:240 - Cannot read IP mode file for STMicroelectronics.X-CUBE-DPower.1.2.0
2025-04-30 16:53:05,448 [WARN] PackLoader:240 - Cannot read IP mode file for STMicroelectronics.X-CUBE-FREERTOS.1.3.0
2025-04-30 16:53:05,452 [WARN] PackLoader:240 - Cannot read IP mode file for STMicroelectronics.X-CUBE-NFC7.1.0.1
2025-04-30 16:53:05,456 [WARN] PackLoader:240 - Cannot read IP mode file for STMicroelectronics.X-CUBE-DPower.1.3.0
2025-04-30 16:53:05,464 [WARN] ConditionMgr:438 - getConditionDescription Invalid condition id : LAN8742 Phy interface Condition cause : null
2025-04-30 16:53:05,465 [WARN] PackLoader:240 - Cannot read IP mode file for STMicroelectronics.X-CUBE-AZRTOS-L4.2.0.0
2025-04-30 16:53:05,466 [WARN] ConditionMgr:1044 - genDependencies : Invalid condition id : LAN8742 Phy interface Condition cause : null
2025-04-30 16:53:05,466 [WARN] ConditionMgr:1044 - genDependencies : Invalid condition id : LAN8742 Phy interface Condition cause : null
2025-04-30 16:53:05,467 [WARN] ConditionMgr:1044 - genDependencies : Invalid condition id : LAN8742 Phy interface Condition cause : null
2025-04-30 16:53:05,471 [WARN] PackLoader:240 - Cannot read IP mode file for STMicroelectronics.X-CUBE-SFXS2LP1.4.0.0
2025-04-30 16:53:05,481 [WARN] PackLoader:240 - Cannot read IP mode file for STMicroelectronics.X-CUBE-AZRTOS-H7.3.3.0
2025-04-30 16:53:05,490 [WARN] ConditionMgr:438 - getConditionDescription Invalid condition id : UX DEVICE CLASS RTOS Condition cause : null
2025-04-30 16:53:05,490 [WARN] ConditionMgr:438 - getConditionDescription Invalid condition id : UX DEVICE CLASS RTOS Condition cause : null
2025-04-30 16:53:05,491 [WARN] PackLoader:240 - Cannot read IP mode file for STMicroelectronics.X-CUBE-AZRTOS-WB.2.0.0
2025-04-30 16:53:05,491 [WARN] ConditionMgr:1044 - genDependencies : Invalid condition id : UX DEVICE CLASS RTOS Condition cause : null
2025-04-30 16:53:05,492 [WARN] ConditionMgr:1044 - genDependencies : Invalid condition id : UX DEVICE CLASS RTOS Condition cause : null
2025-04-30 16:53:05,492 [WARN] ConditionMgr:1044 - genDependencies : Invalid condition id : UX DEVICE CLASS RTOS Condition cause : null
2025-04-30 16:53:05,492 [WARN] ConditionMgr:1044 - genDependencies : Invalid condition id : UX DEVICE CLASS RTOS Condition cause : null
2025-04-30 16:53:05,492 [WARN] ConditionMgr:1044 - genDependencies : Invalid condition id : UX DEVICE CLASS RTOS Condition cause : null
2025-04-30 16:53:05,495 [WARN] PackLoader:240 - Cannot read IP mode file for STMicroelectronics.X-CUBE-GNSS1.7.0.1
2025-04-30 16:53:05,503 [WARN] PackLoader:240 - Cannot read IP mode file for STMicroelectronics.X-CUBE-TOUCHGFX.4.25.0
2025-04-30 16:53:05,508 [WARN] PackLoader:240 - Cannot read IP mode file for STMicroelectronics.FP-SNS-STBOX1.2.0.0
2025-04-30 16:53:05,515 [WARN] PackLoader:240 - Cannot read IP mode file for STMicroelectronics.X-CUBE-SUBG2.5.0.0
2025-04-30 16:53:05,538 [WARN] PackLoader:240 - Cannot read IP mode file for STMicroelectronics.X-CUBE-AZRTOS-H7RS.1.1.0
2025-04-30 16:53:05,544 [WARN] PackLoader:240 - Cannot read IP mode file for Cesanta.I-CUBE-Mongoose.7.13.0
2025-04-30 16:53:05,559 [WARN] PackLoader:240 - Cannot read IP mode file for STMicroelectronics.X-CUBE-AZRTOS-G4.2.0.0
2025-04-30 16:53:05,566 [WARN] PackLoader:240 - Cannot read IP mode file for wolfSSL.I-CUBE-wolfSSH.1.4.20
2025-04-30 16:53:05,585 [WARN] PackLoader:240 - Cannot read IP mode file for STMicroelectronics.X-CUBE-IPS.3.1.0
2025-04-30 16:53:05,593 [WARN] PackLoader:240 - Cannot read IP mode file for STMicroelectronics.X-CUBE-ALS.1.0.2
2025-04-30 16:53:05,596 [WARN] PackLoader:240 - Cannot read IP mode file for STMicroelectronics.X-CUBE-TOUCHGFX.4.24.2
2025-04-30 16:53:05,602 [WARN] PackLoader:240 - Cannot read IP mode file for portGmbH.I-Cube-SoM-uGOAL.1.1.0
2025-04-30 16:53:05,616 [WARN] PackLoader:240 - Cannot read IP mode file for STMicroelectronics.X-CUBE-AZRTOS-H7RS.1.0.0
2025-04-30 16:53:05,631 [WARN] PackLoader:240 - Cannot read IP mode file for STMicroelectronics.X-CUBE-TOF1.3.4.2
2025-04-30 16:53:05,659 [WARN] PackLoader:240 - Cannot read IP mode file for STMicroelectronics.X-CUBE-TOF1.3.4.3
2025-04-30 16:53:05,673 [INFO] ThirdParty:978 - Integrity check success = true
2025-04-30 16:53:05,673 [INFO] IntegrityCheckThread:100 - exiting critical section [integrity check]
2025-04-30 16:53:05,673 [INFO] IntegrityCheckThread:103 - End integrity checks thread
2025-04-30 16:53:34,546 [ERROR] LogOutputStream:75 - [STDERR_REDIRECT] 
2025-04-30 16:53:45,784 [INFO] Activator:176 - 


2025-04-30 16:53:45,787 [INFO] Activator:177 - !SESSION log4j initialized
2025-04-30 16:53:48,761 [INFO] LogOutputStream:77 - [STDOUT_REDIRECT] 
2025-04-30 16:53:50,995 [INFO] ApplicationProperties:184 - Using Application install path: C:\ST\STM32CubeIDE_1.18.1\STM32CubeIDE\plugins\com.st.stm32cube.common.mx_6.14.1.202504091515
2025-04-30 16:53:51,011 [INFO] DbMcusXml:78 - Set database path to: C:\ST\STM32CubeIDE_1.18.1\STM32CubeIDE\plugins\com.st.stm32cube.common.mx_6.14.1.202504091515\\db\/mcu/
2025-04-30 16:53:51,011 [INFO] ApiDb:274 - Set plugin database path to: C:\ST\STM32CubeIDE_1.18.1\STM32CubeIDE\plugins\com.st.stm32cube.common.mx_6.14.1.202504091515\\db\/plugins/boardmanager/
2025-04-30 16:53:51,011 [WARN] ApiDb:259 - Overriding images path with different value:  => C:\ST\STM32CubeIDE_1.18.1\STM32CubeIDE\plugins\com.st.stm32cube.common.mx_6.14.1.202504091515\\db\/plugins/mcufinder/images/
2025-04-30 16:53:51,018 [INFO] ApiDb:250 - Set database path to: C:\Users\USER\.stmcufinder\plugins\mcufinder//mcu/
2025-04-30 16:53:51,020 [INFO] DbMcusAds:125 - Set database path to: C:\Users\USER\.stmcufinder\plugins\mcufinder//mcu/
2025-04-30 16:53:51,022 [INFO] CrossReferenceDbSqlite:203 - Set database path to: C:\Users\USER\.stmcufinder\plugins\mcufinder//mcu/cs/
2025-04-30 16:53:51,188 [INFO] RulesReader:64 - Compatibility file has been processed (302 Rules)
2025-04-30 16:53:51,338 [INFO] DbMcusXml:78 - Set database path to: C:\ST\STM32CubeIDE_1.18.1\STM32CubeIDE\plugins\com.st.stm32cube.common.mx_6.14.1.202504091515\\db\/mcu/
2025-04-30 16:53:51,338 [INFO] ApiDb:274 - Set plugin database path to: C:\ST\STM32CubeIDE_1.18.1\STM32CubeIDE\plugins\com.st.stm32cube.common.mx_6.14.1.202504091515\\db\/plugins/boardmanager/
2025-04-30 16:53:51,338 [INFO] ApiDb:261 - Set plugin images path to: C:\ST\STM32CubeIDE_1.18.1\STM32CubeIDE\plugins\com.st.stm32cube.common.mx_6.14.1.202504091515\\db\/plugins/mcufinder/images/
2025-04-30 16:53:51,339 [WARN] DbFile:41 - Overriding database path with different value: C:\Users\USER\.stmcufinder\plugins\mcufinder/ => C:\Users\USER\.stmcufinder\plugins\mcufinder
2025-04-30 16:53:51,339 [INFO] ApiDb:250 - Set database path to: C:\Users\USER\.stmcufinder\plugins\mcufinder//mcu/
2025-04-30 16:53:51,339 [WARN] DbFile:41 - Overriding database path with different value: C:\Users\USER\.stmcufinder\plugins\mcufinder/ => C:\Users\USER\.stmcufinder\plugins\mcufinder
2025-04-30 16:53:51,339 [INFO] DbMcusAds:125 - Set database path to: C:\Users\USER\.stmcufinder\plugins\mcufinder//mcu/
2025-04-30 16:53:51,339 [WARN] DbFile:41 - Overriding database path with different value: C:\Users\USER\.stmcufinder\plugins\mcufinder/ => C:\Users\USER\.stmcufinder\plugins\mcufinder
2025-04-30 16:53:51,339 [WARN] DbFile:41 - Overriding database path with different value: C:\Users\USER\.stmcufinder\plugins\mcufinder/ => C:\Users\USER\.stmcufinder\plugins\mcufinder
2025-04-30 16:53:51,339 [INFO] CrossReferenceDbSqlite:203 - Set database path to: C:\Users\USER\.stmcufinder\plugins\mcufinder//mcu/cs/
2025-04-30 16:53:51,416 [INFO] MainPanel:272 - HeapMemory: 268435456
2025-04-30 16:53:51,486 [INFO] DbMcusXml:78 - Set database path to: C:\ST\STM32CubeIDE_1.18.1\STM32CubeIDE\plugins\com.st.stm32cube.common.mx_6.14.1.202504091515\\db\/mcu/
2025-04-30 16:53:51,486 [INFO] ApiDb:274 - Set plugin database path to: C:\ST\STM32CubeIDE_1.18.1\STM32CubeIDE\plugins\com.st.stm32cube.common.mx_6.14.1.202504091515\\db\/plugins/boardmanager/
2025-04-30 16:53:51,486 [INFO] ApiDb:261 - Set plugin images path to: C:\ST\STM32CubeIDE_1.18.1\STM32CubeIDE\plugins\com.st.stm32cube.common.mx_6.14.1.202504091515\\db\/plugins/mcufinder/images/
2025-04-30 16:53:51,487 [WARN] DbFile:41 - Overriding database path with different value: C:\Users\USER\.stmcufinder\plugins\mcufinder/ => C:\Users\USER\.stmcufinder\plugins\mcufinder
2025-04-30 16:53:51,487 [INFO] ApiDb:250 - Set database path to: C:\Users\USER\.stmcufinder\plugins\mcufinder//mcu/
2025-04-30 16:53:51,487 [WARN] DbFile:41 - Overriding database path with different value: C:\Users\USER\.stmcufinder\plugins\mcufinder/ => C:\Users\USER\.stmcufinder\plugins\mcufinder
2025-04-30 16:53:51,487 [INFO] DbMcusAds:125 - Set database path to: C:\Users\USER\.stmcufinder\plugins\mcufinder//mcu/
2025-04-30 16:53:51,487 [WARN] DbFile:41 - Overriding database path with different value: C:\Users\USER\.stmcufinder\plugins\mcufinder/ => C:\Users\USER\.stmcufinder\plugins\mcufinder
2025-04-30 16:53:51,487 [WARN] DbFile:41 - Overriding database path with different value: C:\Users\USER\.stmcufinder\plugins\mcufinder/ => C:\Users\USER\.stmcufinder\plugins\mcufinder
2025-04-30 16:53:51,487 [INFO] CrossReferenceDbSqlite:203 - Set database path to: C:\Users\USER\.stmcufinder\plugins\mcufinder//mcu/cs/
2025-04-30 16:53:51,502 [INFO] ApplicationProperties:184 - Using Application install path: C:\ST\STM32CubeIDE_1.18.1\STM32CubeIDE\plugins\com.st.stm32cube.common.mx_6.14.1.202504091515
2025-04-30 16:53:51,503 [INFO] PluginManage:196 - Search for loadable plugins [exclusion list=, ]
2025-04-30 16:53:51,504 [INFO] PluginManage:310 - Check plugin analytics
2025-04-30 16:53:51,693 [INFO] AnalyticsPlugin:253 - Accepted Software Licenses: 
2025-04-30 16:53:51,694 [INFO] AnalyticsPlugin:255 - Accepted CMSIS Pack Licenses: 
2025-04-30 16:53:51,694 [INFO] AnalyticsPlugin:257 - Accepted Firmware Licenses: 
2025-04-30 16:53:51,698 [INFO] PluginManage:359 - Loaded plugin analytics (category:tool,tabindex:-1)
2025-04-30 16:53:51,699 [INFO] PluginManage:310 - Check plugin cadmodel
2025-04-30 16:53:51,704 [INFO] CADModel:105 - Init CAD model plugin
2025-04-30 16:53:51,704 [INFO] PluginManage:359 - Loaded plugin cadmodel (category:power,tabindex:5)
2025-04-30 16:53:51,705 [INFO] PluginManage:310 - Check plugin clock
2025-04-30 16:53:51,711 [INFO] PluginManage:359 - Loaded plugin clock (category:base,tabindex:2)
2025-04-30 16:53:51,711 [INFO] PluginManage:310 - Check plugin ddr
2025-04-30 16:53:51,715 [INFO] PluginManage:359 - Loaded plugin ddr (category:tool,tabindex:6)
2025-04-30 16:53:51,715 [INFO] PluginManage:310 - Check plugin filemanager
2025-04-30 16:53:51,908 [INFO] PluginManage:359 - Loaded plugin filemanager (category:base,tabindex:10)
2025-04-30 16:53:51,908 [INFO] PluginManage:310 - Check plugin ipmanager
2025-04-30 16:53:51,923 [INFO] PluginManage:359 - Loaded plugin ipmanager (category:base,tabindex:5)
2025-04-30 16:53:51,923 [INFO] PluginManage:310 - Check plugin lpbam
2025-04-30 16:53:51,937 [INFO] PluginManage:359 - Loaded plugin lpbam (category:base,tabindex:0)
2025-04-30 16:53:51,937 [INFO] PluginManage:310 - Check plugin memorymap
2025-04-30 16:53:51,948 [INFO] PluginManage:359 - Loaded plugin memorymap (category:base,tabindex:4)
2025-04-30 16:53:51,948 [INFO] PluginManage:310 - Check plugin pinoutandconfiguration
2025-04-30 16:53:51,959 [INFO] PluginManage:359 - Loaded plugin pinoutandconfiguration (category:base,tabindex:1)
2025-04-30 16:53:51,959 [INFO] PluginManage:310 - Check plugin pinoutconfig
2025-04-30 16:53:52,073 [WARN] SupportedApi:132 - Cannot load RTOS API schema: s4s-elt-must-match.1: The content of 'definitions' must match (annotation?, (simpleType | complexType)?, (unique | key | keyref)*)). A problem was found starting at: attribute.
2025-04-30 16:53:52,196 [INFO] PluginManage:359 - Loaded plugin pinoutconfig (category:base,tabindex:0)
2025-04-30 16:53:52,197 [INFO] PluginManage:310 - Check plugin power
2025-04-30 16:53:52,209 [INFO] PluginManage:359 - Loaded plugin power (category:power,tabindex:4)
2025-04-30 16:53:52,210 [INFO] PluginManage:310 - Check plugin projectmanager
2025-04-30 16:53:52,227 [INFO] PluginManage:359 - Loaded plugin projectmanager (category:projectmanager,tabindex:4)
2025-04-30 16:53:52,227 [INFO] PluginManage:310 - Check plugin rif
2025-04-30 16:53:52,238 [INFO] PluginManage:359 - Loaded plugin rif (category:base,tabindex:3)
2025-04-30 16:53:52,238 [INFO] PluginManage:310 - Check plugin thirdparty
2025-04-30 16:53:52,377 [INFO] PluginManage:359 - Loaded plugin thirdparty (category:base,tabindex:-1)
2025-04-30 16:53:52,377 [INFO] PluginManage:310 - Check plugin tools
2025-04-30 16:53:52,377 [WARN] IntegrityCheckThread:84 - waiting for thirdparty lock release [integrity check]
2025-04-30 16:53:52,378 [INFO] IntegrityCheckThread:86 - entering critical section [integrity check]
2025-04-30 16:53:52,378 [INFO] ThirdPartyUpdaterWithRetryManager:70 - Updater plugin not ready yet. [1/15]
2025-04-30 16:53:52,379 [INFO] PluginManage:359 - Loaded plugin tools (category:base,tabindex:7)
2025-04-30 16:53:52,379 [INFO] PluginManage:310 - Check plugin tutovideos
2025-04-30 16:53:52,536 [INFO] PluginManage:359 - Loaded plugin tutovideos (category:base,tabindex:-1)
2025-04-30 16:53:52,536 [INFO] PluginManage:310 - Check plugin updater
2025-04-30 16:53:52,568 [INFO] PluginManage:359 - Loaded plugin updater (category:base,tabindex:12)
2025-04-30 16:53:52,568 [INFO] PluginManage:310 - Check plugin userauth
2025-04-30 16:53:52,579 [INFO] UserAuth:118 - Init User Auth plugin
2025-04-30 16:53:52,581 [INFO] PluginManage:359 - Loaded plugin userauth (category:base,tabindex:14)
2025-04-30 16:53:52,582 [INFO] PluginManage:283 - PluginManage : Loaded plugins [18]
2025-04-30 16:53:52,775 [INFO] PinOutPanel:1589 - setPackage(No Configuration,No Configuration)
2025-04-30 16:53:52,855 [INFO] CADModel:165 - CPN selected for project level
2025-04-30 16:53:52,855 [INFO] CADModel:114 - Register for checkConnection events
2025-04-30 16:53:52,873 [INFO] IPUIPlugin:80 - create IPUIPlugin
2025-04-30 16:53:52,873 [INFO] PluginManager:220 - loadIPPluginJar : add adc
2025-04-30 16:53:52,877 [INFO] IPUIPlugin:80 - create IPUIPlugin
2025-04-30 16:53:52,877 [INFO] PluginManager:220 - loadIPPluginJar : add aes
2025-04-30 16:53:52,881 [INFO] IPUIPlugin:80 - create IPUIPlugin
2025-04-30 16:53:52,881 [INFO] PluginManager:220 - loadIPPluginJar : add can
2025-04-30 16:53:52,882 [INFO] IPUIPlugin:80 - create IPUIPlugin
2025-04-30 16:53:52,882 [INFO] PluginManager:220 - loadIPPluginJar : add comp
2025-04-30 16:53:52,886 [INFO] IPUIPlugin:80 - create IPUIPlugin
2025-04-30 16:53:52,886 [INFO] PluginManager:220 - loadIPPluginJar : add cryp
2025-04-30 16:53:52,889 [INFO] IPUIPlugin:80 - create IPUIPlugin
2025-04-30 16:53:52,889 [INFO] PluginManager:220 - loadIPPluginJar : add ddr_ctrl_phy
2025-04-30 16:53:52,891 [INFO] IPUIPlugin:80 - create IPUIPlugin
2025-04-30 16:53:52,892 [INFO] PluginManager:220 - loadIPPluginJar : add dfsdm
2025-04-30 16:53:52,898 [INFO] IPUIPlugin:80 - create IPUIPlugin
2025-04-30 16:53:52,898 [INFO] PluginManager:220 - loadIPPluginJar : add dma
2025-04-30 16:53:52,900 [INFO] IPUIPlugin:80 - create IPUIPlugin
2025-04-30 16:53:52,900 [INFO] PluginManager:220 - loadIPPluginJar : add dma3
2025-04-30 16:53:52,903 [INFO] IPUIPlugin:80 - create IPUIPlugin
2025-04-30 16:53:52,903 [INFO] PluginManager:220 - loadIPPluginJar : add extmemmanager
2025-04-30 16:53:52,905 [INFO] IPUIPlugin:80 - create IPUIPlugin
2025-04-30 16:53:52,906 [INFO] PluginManager:220 - loadIPPluginJar : add fatfs
2025-04-30 16:53:52,909 [INFO] IPUIPlugin:80 - create IPUIPlugin
2025-04-30 16:53:52,909 [INFO] PluginManager:220 - loadIPPluginJar : add fmc
2025-04-30 16:53:52,916 [INFO] IPUIPlugin:80 - create IPUIPlugin
2025-04-30 16:53:52,916 [INFO] PluginManager:220 - loadIPPluginJar : add freertos
2025-04-30 16:53:52,920 [INFO] IPUIPlugin:80 - create IPUIPlugin
2025-04-30 16:53:52,920 [INFO] PluginManager:220 - loadIPPluginJar : add genericplugin
2025-04-30 16:53:52,923 [INFO] IPUIPlugin:80 - create IPUIPlugin
2025-04-30 16:53:52,923 [INFO] PluginManager:220 - loadIPPluginJar : add gfxmmu
2025-04-30 16:53:52,927 [INFO] IPUIPlugin:80 - create IPUIPlugin
2025-04-30 16:53:52,927 [INFO] PluginManager:220 - loadIPPluginJar : add gic
2025-04-30 16:53:52,930 [INFO] IPUIPlugin:80 - create IPUIPlugin
2025-04-30 16:53:52,930 [INFO] PluginManager:220 - loadIPPluginJar : add gpio
2025-04-30 16:53:52,932 [INFO] IPUIPlugin:80 - create IPUIPlugin
2025-04-30 16:53:52,933 [INFO] PluginManager:220 - loadIPPluginJar : add gtzc
2025-04-30 16:53:52,935 [INFO] IPUIPlugin:80 - create IPUIPlugin
2025-04-30 16:53:52,936 [INFO] PluginManager:220 - loadIPPluginJar : add hash
2025-04-30 16:53:52,939 [INFO] IPUIPlugin:80 - create IPUIPlugin
2025-04-30 16:53:52,940 [INFO] PluginManager:220 - loadIPPluginJar : add i2c
2025-04-30 16:53:52,942 [INFO] IPUIPlugin:80 - create IPUIPlugin
2025-04-30 16:53:52,942 [INFO] PluginManager:220 - loadIPPluginJar : add i2s
2025-04-30 16:53:52,946 [INFO] IPUIPlugin:80 - create IPUIPlugin
2025-04-30 16:53:52,946 [INFO] PluginManager:220 - loadIPPluginJar : add i3c
2025-04-30 16:53:52,950 [INFO] IPUIPlugin:80 - create IPUIPlugin
2025-04-30 16:53:52,950 [INFO] PluginManager:220 - loadIPPluginJar : add ipddr
2025-04-30 16:53:52,958 [INFO] IPUIPlugin:80 - create IPUIPlugin
2025-04-30 16:53:52,958 [INFO] PluginManager:220 - loadIPPluginJar : add linkedlist
2025-04-30 16:53:52,960 [INFO] IPUIPlugin:80 - create IPUIPlugin
2025-04-30 16:53:52,960 [INFO] PluginManager:220 - loadIPPluginJar : add lorawan
2025-04-30 16:53:52,961 [INFO] IPUIPlugin:80 - create IPUIPlugin
2025-04-30 16:53:52,962 [INFO] PluginManager:220 - loadIPPluginJar : add ltdc
2025-04-30 16:53:52,969 [INFO] IPUIPlugin:80 - create IPUIPlugin
2025-04-30 16:53:52,970 [INFO] PluginManager:220 - loadIPPluginJar : add mdma
2025-04-30 16:53:52,972 [INFO] IPUIPlugin:80 - create IPUIPlugin
2025-04-30 16:53:52,972 [INFO] PluginManager:220 - loadIPPluginJar : add nvic
2025-04-30 16:53:52,975 [INFO] IPUIPlugin:80 - create IPUIPlugin
2025-04-30 16:53:52,975 [INFO] PluginManager:220 - loadIPPluginJar : add opamp
2025-04-30 16:53:52,977 [INFO] IPUIPlugin:80 - create IPUIPlugin
2025-04-30 16:53:52,978 [INFO] PluginManager:220 - loadIPPluginJar : add openamp
2025-04-30 16:53:52,981 [INFO] IPUIPlugin:80 - create IPUIPlugin
2025-04-30 16:53:52,981 [INFO] PluginManager:220 - loadIPPluginJar : add pdm2pcm
2025-04-30 16:53:52,987 [INFO] IPUIPlugin:80 - create IPUIPlugin
2025-04-30 16:53:52,989 [INFO] PluginManager:220 - loadIPPluginJar : add plateformsettings
2025-04-30 16:53:52,990 [INFO] IPUIPlugin:80 - create IPUIPlugin
2025-04-30 16:53:52,990 [INFO] PluginManager:220 - loadIPPluginJar : add quadspi
2025-04-30 16:53:52,992 [INFO] IPUIPlugin:80 - create IPUIPlugin
2025-04-30 16:53:52,993 [INFO] PluginManager:220 - loadIPPluginJar : add radio
2025-04-30 16:53:52,997 [INFO] IPUIPlugin:80 - create IPUIPlugin
2025-04-30 16:53:52,997 [INFO] PluginManager:220 - loadIPPluginJar : add resmgrutility
2025-04-30 16:53:52,999 [INFO] IPUIPlugin:80 - create IPUIPlugin
2025-04-30 16:53:53,000 [INFO] PluginManager:220 - loadIPPluginJar : add sai
2025-04-30 16:53:53,002 [INFO] IPUIPlugin:80 - create IPUIPlugin
2025-04-30 16:53:53,002 [INFO] PluginManager:220 - loadIPPluginJar : add spi
2025-04-30 16:53:53,011 [INFO] IPUIPlugin:80 - create IPUIPlugin
2025-04-30 16:53:53,011 [INFO] PluginManager:220 - loadIPPluginJar : add stm32_wpan
2025-04-30 16:53:53,013 [INFO] IPUIPlugin:80 - create IPUIPlugin
2025-04-30 16:53:53,013 [INFO] PluginManager:220 - loadIPPluginJar : add tim
2025-04-30 16:53:53,019 [INFO] IPUIPlugin:80 - create IPUIPlugin
2025-04-30 16:53:53,019 [INFO] PluginManager:220 - loadIPPluginJar : add touchsensing
2025-04-30 16:53:53,021 [INFO] IPUIPlugin:80 - create IPUIPlugin
2025-04-30 16:53:53,021 [INFO] PluginManager:220 - loadIPPluginJar : add tracer_emb
2025-04-30 16:53:53,023 [INFO] IPUIPlugin:80 - create IPUIPlugin
2025-04-30 16:53:53,023 [INFO] PluginManager:220 - loadIPPluginJar : add ts
2025-04-30 16:53:53,025 [INFO] IPUIPlugin:80 - create IPUIPlugin
2025-04-30 16:53:53,025 [INFO] PluginManager:220 - loadIPPluginJar : add tsc
2025-04-30 16:53:53,026 [INFO] IPUIPlugin:80 - create IPUIPlugin
2025-04-30 16:53:53,027 [INFO] PluginManager:220 - loadIPPluginJar : add ucpd
2025-04-30 16:53:53,028 [INFO] IPUIPlugin:80 - create IPUIPlugin
2025-04-30 16:53:53,029 [INFO] PluginManager:220 - loadIPPluginJar : add usart
2025-04-30 16:53:53,031 [INFO] IPUIPlugin:80 - create IPUIPlugin
2025-04-30 16:53:53,031 [INFO] PluginManager:220 - loadIPPluginJar : add usbx
2025-04-30 16:53:53,165 [FATAL] Updater:351 - Updater called before beeing initialized
2025-04-30 16:53:53,194 [INFO] RulesReader:64 - Compatibility file has been processed (302 Rules)
2025-04-30 16:53:53,201 [INFO] RulesReader:64 - Compatibility file has been processed (302 Rules)
2025-04-30 16:53:53,208 [INFO] CADModel:165 - CPN selected for project level
2025-04-30 16:53:53,208 [INFO] CADModel:114 - Register for checkConnection events
2025-04-30 16:53:53,208 [FATAL] Updater:351 - Updater called before beeing initialized
2025-04-30 16:53:53,208 [ERROR] CADModel:125 - Updater not yet initialized, retry later 
2025-04-30 16:53:53,359 [FATAL] Updater:351 - Updater called before beeing initialized
2025-04-30 16:53:53,360 [INFO] CADModel:165 - CPN selected for project level
2025-04-30 16:53:53,360 [INFO] CADModel:114 - Register for checkConnection events
2025-04-30 16:53:53,360 [FATAL] Updater:351 - Updater called before beeing initialized
2025-04-30 16:53:53,360 [ERROR] CADModel:125 - Updater not yet initialized, retry later 
2025-04-30 16:53:53,362 [FATAL] Updater:351 - Updater called before beeing initialized
2025-04-30 16:53:53,452 [FATAL] Updater:351 - Updater called before beeing initialized
2025-04-30 16:53:53,456 [INFO] DbMcusAds:53 - JSON generation date=Thu Mar 06 23:54:22 KST 2025 (1741272862078)
2025-04-30 16:53:53,456 [FATAL] Updater:351 - Updater called before beeing initialized
2025-04-30 16:53:53,480 [WARN] DetailPanel:346 - Failed to get advertising image, set to default
2025-04-30 16:53:53,661 [FATAL] Updater:351 - Updater called before beeing initialized
2025-04-30 16:53:53,662 [FATAL] Updater:351 - Updater called before beeing initialized
2025-04-30 16:53:53,662 [FATAL] Updater:351 - Updater called before beeing initialized
2025-04-30 16:53:53,662 [WARN] DetailPanel:346 - Failed to get advertising image, set to default
2025-04-30 16:53:53,663 [FATAL] Updater:351 - Updater called before beeing initialized
2025-04-30 16:53:53,692 [ERROR] Updater:1198 - MainUpdater not yet initialized. External WinMGr cannot be set.
2025-04-30 16:53:53,693 [INFO] Updater:1134 - Updater Version found : 6.14.1
2025-04-30 16:53:53,704 [INFO] ApplicationProperties:184 - Using Application install path: C:\ST\STM32CubeIDE_1.18.1\STM32CubeIDE\plugins\com.st.stm32cube.common.mx_6.14.1.202504091515
2025-04-30 16:53:55,279 [ERROR] LogOutputStream:75 - [STDERR_REDIRECT] Apr 30, 2025 4:53:55 PM java.util.prefs.WindowsPreferences <init>
2025-04-30 16:53:55,281 [ERROR] LogOutputStream:75 - [STDERR_REDIRECT] WARNING: Could not open/create prefs root node Software\JavaSoft\Prefs at root 0xffffffff80000002. Windows RegCreateKeyEx(...) returned error code 5.
2025-04-30 16:53:55,281 [ERROR] LogOutputStream:75 - [STDERR_REDIRECT] 
2025-04-30 16:53:55,381 [INFO] ThirdPartyUpdaterWithRetryManager:70 - Updater plugin not ready yet. [2/15]
2025-04-30 16:53:55,716 [INFO] MainUpdater:2872 - connection check result : 10
2025-04-30 16:53:55,718 [INFO] MainUpdater:289 - Updater Check For Update Now.
2025-04-30 16:53:55,718 [INFO] MicroXplorer:498 - Change Database Version : DB.6.0.141
2025-04-30 16:53:55,727 [INFO] McuFinderGlobals:63 - Set McuFinder mode to 2 (CubeIDE integrated)
2025-04-30 16:53:55,727 [INFO] UserAuth:484 - Internet connection configuration mode: 1
2025-04-30 16:53:55,755 [INFO] JxBrowserEngine:152 - Initiate JxBrowser Engine with user profile folder
2025-04-30 16:53:55,920 [INFO] CheckServerUpdateThread:120 - End of CheckServer Thread
2025-04-30 16:53:57,083 [INFO] WebApp:169 - Instantiating new browser for Auth
