2025-04-30 16:48:08,683 [INFO] Activator:176 - 


2025-04-30 16:48:08,684 [INFO] Activator:177 - !SESSION log4j initialized
2025-04-30 16:48:11,304 [INFO] LogOutputStream:77 - [STDOUT_REDIRECT] 
2025-04-30 16:48:13,558 [INFO] ApplicationProperties:184 - Using Application install path: C:\ST\STM32CubeIDE_1.18.1\STM32CubeIDE\plugins\com.st.stm32cube.common.mx_6.14.1.202504091515
2025-04-30 16:48:13,585 [INFO] DbMcusXml:78 - Set database path to: C:\ST\STM32CubeIDE_1.18.1\STM32CubeIDE\plugins\com.st.stm32cube.common.mx_6.14.1.202504091515\\db\/mcu/
2025-04-30 16:48:13,585 [INFO] ApiDb:274 - Set plugin database path to: C:\ST\STM32CubeIDE_1.18.1\STM32CubeIDE\plugins\com.st.stm32cube.common.mx_6.14.1.202504091515\\db\/plugins/boardmanager/
2025-04-30 16:48:13,586 [WARN] ApiDb:259 - Overriding images path with different value:  => C:\ST\STM32CubeIDE_1.18.1\STM32CubeIDE\plugins\com.st.stm32cube.common.mx_6.14.1.202504091515\\db\/plugins/mcufinder/images/
2025-04-30 16:48:13,594 [INFO] ApiDb:250 - Set database path to: C:\Users\USER\.stmcufinder\plugins\mcufinder//mcu/
2025-04-30 16:48:13,596 [INFO] DbMcusAds:125 - Set database path to: C:\Users\USER\.stmcufinder\plugins\mcufinder//mcu/
2025-04-30 16:48:13,600 [INFO] CrossReferenceDbSqlite:203 - Set database path to: C:\Users\USER\.stmcufinder\plugins\mcufinder//mcu/cs/
2025-04-30 16:48:13,736 [INFO] RulesReader:64 - Compatibility file has been processed (302 Rules)
2025-04-30 16:48:13,811 [INFO] DbMcusXml:78 - Set database path to: C:\ST\STM32CubeIDE_1.18.1\STM32CubeIDE\plugins\com.st.stm32cube.common.mx_6.14.1.202504091515\\db\/mcu/
2025-04-30 16:48:13,811 [INFO] ApiDb:274 - Set plugin database path to: C:\ST\STM32CubeIDE_1.18.1\STM32CubeIDE\plugins\com.st.stm32cube.common.mx_6.14.1.202504091515\\db\/plugins/boardmanager/
2025-04-30 16:48:13,811 [INFO] ApiDb:261 - Set plugin images path to: C:\ST\STM32CubeIDE_1.18.1\STM32CubeIDE\plugins\com.st.stm32cube.common.mx_6.14.1.202504091515\\db\/plugins/mcufinder/images/
2025-04-30 16:48:13,811 [WARN] DbFile:41 - Overriding database path with different value: C:\Users\USER\.stmcufinder\plugins\mcufinder/ => C:\Users\USER\.stmcufinder\plugins\mcufinder
2025-04-30 16:48:13,811 [INFO] ApiDb:250 - Set database path to: C:\Users\USER\.stmcufinder\plugins\mcufinder//mcu/
2025-04-30 16:48:13,812 [WARN] DbFile:41 - Overriding database path with different value: C:\Users\USER\.stmcufinder\plugins\mcufinder/ => C:\Users\USER\.stmcufinder\plugins\mcufinder
2025-04-30 16:48:13,812 [INFO] DbMcusAds:125 - Set database path to: C:\Users\USER\.stmcufinder\plugins\mcufinder//mcu/
2025-04-30 16:48:13,812 [WARN] DbFile:41 - Overriding database path with different value: C:\Users\USER\.stmcufinder\plugins\mcufinder/ => C:\Users\USER\.stmcufinder\plugins\mcufinder
2025-04-30 16:48:13,812 [WARN] DbFile:41 - Overriding database path with different value: C:\Users\USER\.stmcufinder\plugins\mcufinder/ => C:\Users\USER\.stmcufinder\plugins\mcufinder
2025-04-30 16:48:13,812 [INFO] CrossReferenceDbSqlite:203 - Set database path to: C:\Users\USER\.stmcufinder\plugins\mcufinder//mcu/cs/
2025-04-30 16:48:13,907 [INFO] MainPanel:272 - HeapMemory: 268435456
2025-04-30 16:48:14,064 [INFO] DbMcusXml:78 - Set database path to: C:\ST\STM32CubeIDE_1.18.1\STM32CubeIDE\plugins\com.st.stm32cube.common.mx_6.14.1.202504091515\\db\/mcu/
2025-04-30 16:48:14,064 [INFO] ApiDb:274 - Set plugin database path to: C:\ST\STM32CubeIDE_1.18.1\STM32CubeIDE\plugins\com.st.stm32cube.common.mx_6.14.1.202504091515\\db\/plugins/boardmanager/
2025-04-30 16:48:14,064 [INFO] ApiDb:261 - Set plugin images path to: C:\ST\STM32CubeIDE_1.18.1\STM32CubeIDE\plugins\com.st.stm32cube.common.mx_6.14.1.202504091515\\db\/plugins/mcufinder/images/
2025-04-30 16:48:14,065 [WARN] DbFile:41 - Overriding database path with different value: C:\Users\USER\.stmcufinder\plugins\mcufinder/ => C:\Users\USER\.stmcufinder\plugins\mcufinder
2025-04-30 16:48:14,065 [INFO] ApiDb:250 - Set database path to: C:\Users\USER\.stmcufinder\plugins\mcufinder//mcu/
2025-04-30 16:48:14,065 [WARN] DbFile:41 - Overriding database path with different value: C:\Users\USER\.stmcufinder\plugins\mcufinder/ => C:\Users\USER\.stmcufinder\plugins\mcufinder
2025-04-30 16:48:14,065 [INFO] DbMcusAds:125 - Set database path to: C:\Users\USER\.stmcufinder\plugins\mcufinder//mcu/
2025-04-30 16:48:14,065 [WARN] DbFile:41 - Overriding database path with different value: C:\Users\USER\.stmcufinder\plugins\mcufinder/ => C:\Users\USER\.stmcufinder\plugins\mcufinder
2025-04-30 16:48:14,065 [WARN] DbFile:41 - Overriding database path with different value: C:\Users\USER\.stmcufinder\plugins\mcufinder/ => C:\Users\USER\.stmcufinder\plugins\mcufinder
2025-04-30 16:48:14,065 [INFO] CrossReferenceDbSqlite:203 - Set database path to: C:\Users\USER\.stmcufinder\plugins\mcufinder//mcu/cs/
2025-04-30 16:48:14,085 [INFO] ApplicationProperties:184 - Using Application install path: C:\ST\STM32CubeIDE_1.18.1\STM32CubeIDE\plugins\com.st.stm32cube.common.mx_6.14.1.202504091515
2025-04-30 16:48:14,086 [INFO] PluginManage:196 - Search for loadable plugins [exclusion list=, ]
2025-04-30 16:48:14,087 [INFO] PluginManage:310 - Check plugin analytics
2025-04-30 16:48:14,357 [INFO] AnalyticsPlugin:253 - Accepted Software Licenses: 
2025-04-30 16:48:14,357 [INFO] AnalyticsPlugin:255 - Accepted CMSIS Pack Licenses: 
2025-04-30 16:48:14,358 [INFO] AnalyticsPlugin:257 - Accepted Firmware Licenses: 
2025-04-30 16:48:14,362 [INFO] PluginManage:359 - Loaded plugin analytics (category:tool,tabindex:-1)
2025-04-30 16:48:14,362 [INFO] PluginManage:310 - Check plugin cadmodel
2025-04-30 16:48:14,371 [INFO] CADModel:105 - Init CAD model plugin
2025-04-30 16:48:14,371 [INFO] PluginManage:359 - Loaded plugin cadmodel (category:power,tabindex:5)
2025-04-30 16:48:14,372 [INFO] PluginManage:310 - Check plugin clock
2025-04-30 16:48:14,392 [INFO] PluginManage:359 - Loaded plugin clock (category:base,tabindex:2)
2025-04-30 16:48:14,392 [INFO] PluginManage:310 - Check plugin ddr
2025-04-30 16:48:14,396 [INFO] PluginManage:359 - Loaded plugin ddr (category:tool,tabindex:6)
2025-04-30 16:48:14,397 [INFO] PluginManage:310 - Check plugin filemanager
2025-04-30 16:48:14,648 [INFO] PluginManage:359 - Loaded plugin filemanager (category:base,tabindex:10)
2025-04-30 16:48:14,648 [INFO] PluginManage:310 - Check plugin ipmanager
2025-04-30 16:48:14,655 [INFO] PluginManage:359 - Loaded plugin ipmanager (category:base,tabindex:5)
2025-04-30 16:48:14,656 [INFO] PluginManage:310 - Check plugin lpbam
2025-04-30 16:48:14,663 [INFO] PluginManage:359 - Loaded plugin lpbam (category:base,tabindex:0)
2025-04-30 16:48:14,663 [INFO] PluginManage:310 - Check plugin memorymap
2025-04-30 16:48:14,677 [INFO] PluginManage:359 - Loaded plugin memorymap (category:base,tabindex:4)
2025-04-30 16:48:14,677 [INFO] PluginManage:310 - Check plugin pinoutandconfiguration
2025-04-30 16:48:14,688 [INFO] PluginManage:359 - Loaded plugin pinoutandconfiguration (category:base,tabindex:1)
2025-04-30 16:48:14,688 [INFO] PluginManage:310 - Check plugin pinoutconfig
2025-04-30 16:48:14,795 [WARN] SupportedApi:132 - Cannot load RTOS API schema: s4s-elt-must-match.1: The content of 'definitions' must match (annotation?, (simpleType | complexType)?, (unique | key | keyref)*)). A problem was found starting at: attribute.
2025-04-30 16:48:14,981 [INFO] PluginManage:359 - Loaded plugin pinoutconfig (category:base,tabindex:0)
2025-04-30 16:48:14,982 [INFO] PluginManage:310 - Check plugin power
2025-04-30 16:48:14,993 [INFO] PluginManage:359 - Loaded plugin power (category:power,tabindex:4)
2025-04-30 16:48:14,993 [INFO] PluginManage:310 - Check plugin projectmanager
2025-04-30 16:48:15,017 [INFO] PluginManage:359 - Loaded plugin projectmanager (category:projectmanager,tabindex:4)
2025-04-30 16:48:15,017 [INFO] PluginManage:310 - Check plugin rif
2025-04-30 16:48:15,041 [INFO] PluginManage:359 - Loaded plugin rif (category:base,tabindex:3)
2025-04-30 16:48:15,041 [INFO] PluginManage:310 - Check plugin thirdparty
2025-04-30 16:48:15,267 [INFO] PluginManage:359 - Loaded plugin thirdparty (category:base,tabindex:-1)
2025-04-30 16:48:15,267 [INFO] PluginManage:310 - Check plugin tools
2025-04-30 16:48:15,267 [WARN] IntegrityCheckThread:84 - waiting for thirdparty lock release [integrity check]
2025-04-30 16:48:15,267 [INFO] IntegrityCheckThread:86 - entering critical section [integrity check]
2025-04-30 16:48:15,268 [INFO] ThirdPartyUpdaterWithRetryManager:70 - Updater plugin not ready yet. [1/15]
2025-04-30 16:48:15,271 [INFO] PluginManage:359 - Loaded plugin tools (category:base,tabindex:7)
2025-04-30 16:48:15,271 [INFO] PluginManage:310 - Check plugin tutovideos
2025-04-30 16:48:15,470 [INFO] PluginManage:359 - Loaded plugin tutovideos (category:base,tabindex:-1)
2025-04-30 16:48:15,470 [INFO] PluginManage:310 - Check plugin updater
2025-04-30 16:48:15,498 [INFO] PluginManage:359 - Loaded plugin updater (category:base,tabindex:12)
2025-04-30 16:48:15,498 [INFO] PluginManage:310 - Check plugin userauth
2025-04-30 16:48:15,503 [INFO] UserAuth:118 - Init User Auth plugin
2025-04-30 16:48:15,504 [INFO] PluginManage:359 - Loaded plugin userauth (category:base,tabindex:14)
2025-04-30 16:48:15,504 [INFO] PluginManage:283 - PluginManage : Loaded plugins [18]
2025-04-30 16:48:15,734 [INFO] PinOutPanel:1589 - setPackage(No Configuration,No Configuration)
2025-04-30 16:48:15,840 [INFO] CADModel:165 - CPN selected for project level
2025-04-30 16:48:15,841 [INFO] CADModel:114 - Register for checkConnection events
2025-04-30 16:48:15,872 [INFO] IPUIPlugin:80 - create IPUIPlugin
2025-04-30 16:48:15,873 [INFO] PluginManager:220 - loadIPPluginJar : add adc
2025-04-30 16:48:15,876 [INFO] IPUIPlugin:80 - create IPUIPlugin
2025-04-30 16:48:15,876 [INFO] PluginManager:220 - loadIPPluginJar : add aes
2025-04-30 16:48:15,881 [INFO] IPUIPlugin:80 - create IPUIPlugin
2025-04-30 16:48:15,881 [INFO] PluginManager:220 - loadIPPluginJar : add can
2025-04-30 16:48:15,884 [INFO] IPUIPlugin:80 - create IPUIPlugin
2025-04-30 16:48:15,885 [INFO] PluginManager:220 - loadIPPluginJar : add comp
2025-04-30 16:48:15,889 [INFO] IPUIPlugin:80 - create IPUIPlugin
2025-04-30 16:48:15,889 [INFO] PluginManager:220 - loadIPPluginJar : add cryp
2025-04-30 16:48:15,893 [INFO] IPUIPlugin:80 - create IPUIPlugin
2025-04-30 16:48:15,893 [INFO] PluginManager:220 - loadIPPluginJar : add ddr_ctrl_phy
2025-04-30 16:48:15,899 [INFO] IPUIPlugin:80 - create IPUIPlugin
2025-04-30 16:48:15,899 [INFO] PluginManager:220 - loadIPPluginJar : add dfsdm
2025-04-30 16:48:15,906 [INFO] IPUIPlugin:80 - create IPUIPlugin
2025-04-30 16:48:15,907 [INFO] PluginManager:220 - loadIPPluginJar : add dma
2025-04-30 16:48:15,911 [INFO] IPUIPlugin:80 - create IPUIPlugin
2025-04-30 16:48:15,911 [INFO] PluginManager:220 - loadIPPluginJar : add dma3
2025-04-30 16:48:15,916 [INFO] IPUIPlugin:80 - create IPUIPlugin
2025-04-30 16:48:15,916 [INFO] PluginManager:220 - loadIPPluginJar : add extmemmanager
2025-04-30 16:48:15,918 [INFO] IPUIPlugin:80 - create IPUIPlugin
2025-04-30 16:48:15,918 [INFO] PluginManager:220 - loadIPPluginJar : add fatfs
2025-04-30 16:48:15,923 [INFO] IPUIPlugin:80 - create IPUIPlugin
2025-04-30 16:48:15,923 [INFO] PluginManager:220 - loadIPPluginJar : add fmc
2025-04-30 16:48:15,935 [INFO] IPUIPlugin:80 - create IPUIPlugin
2025-04-30 16:48:15,936 [INFO] PluginManager:220 - loadIPPluginJar : add freertos
2025-04-30 16:48:15,939 [INFO] IPUIPlugin:80 - create IPUIPlugin
2025-04-30 16:48:15,939 [INFO] PluginManager:220 - loadIPPluginJar : add genericplugin
2025-04-30 16:48:15,943 [INFO] IPUIPlugin:80 - create IPUIPlugin
2025-04-30 16:48:15,943 [INFO] PluginManager:220 - loadIPPluginJar : add gfxmmu
2025-04-30 16:48:15,951 [INFO] IPUIPlugin:80 - create IPUIPlugin
2025-04-30 16:48:15,951 [INFO] PluginManager:220 - loadIPPluginJar : add gic
2025-04-30 16:48:15,957 [INFO] IPUIPlugin:80 - create IPUIPlugin
2025-04-30 16:48:15,957 [INFO] PluginManager:220 - loadIPPluginJar : add gpio
2025-04-30 16:48:15,963 [INFO] IPUIPlugin:80 - create IPUIPlugin
2025-04-30 16:48:15,963 [INFO] PluginManager:220 - loadIPPluginJar : add gtzc
2025-04-30 16:48:15,967 [INFO] IPUIPlugin:80 - create IPUIPlugin
2025-04-30 16:48:15,967 [INFO] PluginManager:220 - loadIPPluginJar : add hash
2025-04-30 16:48:15,970 [INFO] IPUIPlugin:80 - create IPUIPlugin
2025-04-30 16:48:15,970 [INFO] PluginManager:220 - loadIPPluginJar : add i2c
2025-04-30 16:48:15,976 [INFO] IPUIPlugin:80 - create IPUIPlugin
2025-04-30 16:48:15,976 [INFO] PluginManager:220 - loadIPPluginJar : add i2s
2025-04-30 16:48:15,984 [INFO] IPUIPlugin:80 - create IPUIPlugin
2025-04-30 16:48:15,984 [INFO] PluginManager:220 - loadIPPluginJar : add i3c
2025-04-30 16:48:15,990 [INFO] IPUIPlugin:80 - create IPUIPlugin
2025-04-30 16:48:15,990 [INFO] PluginManager:220 - loadIPPluginJar : add ipddr
2025-04-30 16:48:16,005 [INFO] IPUIPlugin:80 - create IPUIPlugin
2025-04-30 16:48:16,006 [INFO] PluginManager:220 - loadIPPluginJar : add linkedlist
2025-04-30 16:48:16,015 [INFO] IPUIPlugin:80 - create IPUIPlugin
2025-04-30 16:48:16,015 [INFO] PluginManager:220 - loadIPPluginJar : add lorawan
2025-04-30 16:48:16,019 [INFO] IPUIPlugin:80 - create IPUIPlugin
2025-04-30 16:48:16,019 [INFO] PluginManager:220 - loadIPPluginJar : add ltdc
2025-04-30 16:48:16,032 [INFO] IPUIPlugin:80 - create IPUIPlugin
2025-04-30 16:48:16,032 [INFO] PluginManager:220 - loadIPPluginJar : add mdma
2025-04-30 16:48:16,040 [INFO] IPUIPlugin:80 - create IPUIPlugin
2025-04-30 16:48:16,040 [INFO] PluginManager:220 - loadIPPluginJar : add nvic
2025-04-30 16:48:16,048 [INFO] IPUIPlugin:80 - create IPUIPlugin
2025-04-30 16:48:16,049 [INFO] PluginManager:220 - loadIPPluginJar : add opamp
2025-04-30 16:48:16,054 [INFO] IPUIPlugin:80 - create IPUIPlugin
2025-04-30 16:48:16,054 [INFO] PluginManager:220 - loadIPPluginJar : add openamp
2025-04-30 16:48:16,060 [INFO] IPUIPlugin:80 - create IPUIPlugin
2025-04-30 16:48:16,060 [INFO] PluginManager:220 - loadIPPluginJar : add pdm2pcm
2025-04-30 16:48:16,068 [INFO] IPUIPlugin:80 - create IPUIPlugin
2025-04-30 16:48:16,072 [INFO] PluginManager:220 - loadIPPluginJar : add plateformsettings
2025-04-30 16:48:16,075 [INFO] IPUIPlugin:80 - create IPUIPlugin
2025-04-30 16:48:16,075 [INFO] PluginManager:220 - loadIPPluginJar : add quadspi
2025-04-30 16:48:16,079 [INFO] IPUIPlugin:80 - create IPUIPlugin
2025-04-30 16:48:16,081 [INFO] PluginManager:220 - loadIPPluginJar : add radio
2025-04-30 16:48:16,092 [INFO] IPUIPlugin:80 - create IPUIPlugin
2025-04-30 16:48:16,092 [INFO] PluginManager:220 - loadIPPluginJar : add resmgrutility
2025-04-30 16:48:16,101 [INFO] IPUIPlugin:80 - create IPUIPlugin
2025-04-30 16:48:16,101 [INFO] PluginManager:220 - loadIPPluginJar : add sai
2025-04-30 16:48:16,108 [INFO] IPUIPlugin:80 - create IPUIPlugin
2025-04-30 16:48:16,109 [INFO] PluginManager:220 - loadIPPluginJar : add spi
2025-04-30 16:48:16,120 [INFO] IPUIPlugin:80 - create IPUIPlugin
2025-04-30 16:48:16,120 [INFO] PluginManager:220 - loadIPPluginJar : add stm32_wpan
2025-04-30 16:48:16,124 [INFO] IPUIPlugin:80 - create IPUIPlugin
2025-04-30 16:48:16,124 [INFO] PluginManager:220 - loadIPPluginJar : add tim
2025-04-30 16:48:16,131 [INFO] IPUIPlugin:80 - create IPUIPlugin
2025-04-30 16:48:16,132 [INFO] PluginManager:220 - loadIPPluginJar : add touchsensing
2025-04-30 16:48:16,136 [INFO] IPUIPlugin:80 - create IPUIPlugin
2025-04-30 16:48:16,136 [INFO] PluginManager:220 - loadIPPluginJar : add tracer_emb
2025-04-30 16:48:16,141 [INFO] IPUIPlugin:80 - create IPUIPlugin
2025-04-30 16:48:16,142 [INFO] PluginManager:220 - loadIPPluginJar : add ts
2025-04-30 16:48:16,149 [INFO] IPUIPlugin:80 - create IPUIPlugin
2025-04-30 16:48:16,149 [INFO] PluginManager:220 - loadIPPluginJar : add tsc
2025-04-30 16:48:16,153 [INFO] IPUIPlugin:80 - create IPUIPlugin
2025-04-30 16:48:16,153 [INFO] PluginManager:220 - loadIPPluginJar : add ucpd
2025-04-30 16:48:16,157 [INFO] IPUIPlugin:80 - create IPUIPlugin
2025-04-30 16:48:16,157 [INFO] PluginManager:220 - loadIPPluginJar : add usart
2025-04-30 16:48:16,161 [INFO] IPUIPlugin:80 - create IPUIPlugin
2025-04-30 16:48:16,162 [INFO] PluginManager:220 - loadIPPluginJar : add usbx
2025-04-30 16:48:16,349 [FATAL] Updater:351 - Updater called before beeing initialized
2025-04-30 16:48:16,375 [INFO] RulesReader:64 - Compatibility file has been processed (302 Rules)
2025-04-30 16:48:16,384 [INFO] RulesReader:64 - Compatibility file has been processed (302 Rules)
2025-04-30 16:48:16,393 [INFO] CADModel:165 - CPN selected for project level
2025-04-30 16:48:16,393 [INFO] CADModel:114 - Register for checkConnection events
2025-04-30 16:48:16,394 [FATAL] Updater:351 - Updater called before beeing initialized
2025-04-30 16:48:16,394 [ERROR] CADModel:125 - Updater not yet initialized, retry later 
2025-04-30 16:48:16,570 [FATAL] Updater:351 - Updater called before beeing initialized
2025-04-30 16:48:16,572 [INFO] CADModel:165 - CPN selected for project level
2025-04-30 16:48:16,572 [INFO] CADModel:114 - Register for checkConnection events
2025-04-30 16:48:16,572 [FATAL] Updater:351 - Updater called before beeing initialized
2025-04-30 16:48:16,572 [ERROR] CADModel:125 - Updater not yet initialized, retry later 
2025-04-30 16:48:16,575 [FATAL] Updater:351 - Updater called before beeing initialized
2025-04-30 16:48:16,678 [FATAL] Updater:351 - Updater called before beeing initialized
2025-04-30 16:48:16,681 [INFO] DbMcusAds:53 - JSON generation date=Thu Mar 06 23:54:22 KST 2025 (1741272862078)
2025-04-30 16:48:16,681 [FATAL] Updater:351 - Updater called before beeing initialized
2025-04-30 16:48:16,710 [WARN] DetailPanel:346 - Failed to get advertising image, set to default
2025-04-30 16:48:16,900 [FATAL] Updater:351 - Updater called before beeing initialized
2025-04-30 16:48:16,903 [FATAL] Updater:351 - Updater called before beeing initialized
2025-04-30 16:48:16,903 [FATAL] Updater:351 - Updater called before beeing initialized
2025-04-30 16:48:16,903 [WARN] DetailPanel:346 - Failed to get advertising image, set to default
2025-04-30 16:48:16,904 [FATAL] Updater:351 - Updater called before beeing initialized
2025-04-30 16:48:16,951 [ERROR] Updater:1198 - MainUpdater not yet initialized. External WinMGr cannot be set.
2025-04-30 16:48:16,953 [INFO] Updater:1134 - Updater Version found : 6.14.1
2025-04-30 16:48:16,969 [INFO] ApplicationProperties:184 - Using Application install path: C:\ST\STM32CubeIDE_1.18.1\STM32CubeIDE\plugins\com.st.stm32cube.common.mx_6.14.1.202504091515
2025-04-30 16:48:18,269 [INFO] ThirdPartyUpdaterWithRetryManager:70 - Updater plugin not ready yet. [2/15]
2025-04-30 16:48:18,554 [ERROR] LogOutputStream:75 - [STDERR_REDIRECT] Apr 30, 2025 4:48:18 PM java.util.prefs.WindowsPreferences <init>
2025-04-30 16:48:18,555 [ERROR] LogOutputStream:75 - [STDERR_REDIRECT] WARNING: Could not open/create prefs root node Software\JavaSoft\Prefs at root 0xffffffff80000002. Windows RegCreateKeyEx(...) returned error code 5.
2025-04-30 16:48:18,555 [ERROR] LogOutputStream:75 - [STDERR_REDIRECT] 
2025-04-30 16:48:18,580 [INFO] MainUpdater:525 - Copy updater definitions from MX database
2025-04-30 16:48:18,939 [INFO] MainUpdater:2872 - connection check result : 10
2025-04-30 16:48:18,939 [INFO] MainUpdater:3566 - Updater definition file requires update
2025-04-30 16:48:18,940 [INFO] MainUpdater:289 - Updater Check For Update Now.
2025-04-30 16:48:18,940 [INFO] MicroXplorer:498 - Change Database Version : DB.6.0.141
2025-04-30 16:48:18,943 [INFO] McuFinderGlobals:63 - Set McuFinder mode to 2 (CubeIDE integrated)
2025-04-30 16:48:18,944 [INFO] UserAuth:484 - Internet connection configuration mode: 1
2025-04-30 16:48:18,965 [INFO] JxBrowserEngine:152 - Initiate JxBrowser Engine with user profile folder
2025-04-30 16:48:18,993 [INFO] ServerAccessManage:473 - Download File updaters.zip
2025-04-30 16:48:19,177 [INFO] FileExtend:242 - Unzip File : updaters.zip
2025-04-30 16:48:19,178 [INFO] FileExtend:257 - Standard Zip Deflate
2025-04-30 16:48:19,574 [INFO] ServerAccessManage:473 - Download File PacksControlFlags.xml
2025-04-30 16:48:19,719 [INFO] ServerAccessManage:473 - Download File cubemx.pidx
2025-04-30 16:48:19,823 [INFO] LoadServerUpdatesThread:375 - End of LoadServerUpdate Thread
2025-04-30 16:48:20,031 [INFO] CheckServerUpdateThread:120 - End of CheckServer Thread
2025-04-30 16:48:21,110 [INFO] WebApp:169 - Instantiating new browser for Auth
2025-04-30 16:48:21,820 [WARN] PackLoader:240 - Cannot read IP mode file for STMicroelectronics.FP-SNS-MOTENVWB1.1.4.0
2025-04-30 16:48:21,842 [WARN] PackLoader:240 - Cannot read IP mode file for STMicroelectronics.FP-ATR-ASTRA1.2.0.2
2025-04-30 16:48:21,851 [WARN] PackLoader:240 - Cannot read IP mode file for STMicroelectronics.FP-ATR-ASTRA1.2.0.1
2025-04-30 16:48:21,881 [WARN] PackLoader:240 - Cannot read IP mode file for STMicroelectronics.X-CUBE-SMBUS.2.1.0
2025-04-30 16:48:21,904 [WARN] PackLoader:240 - Cannot read IP mode file for STMicroelectronics.X-CUBE-WB05N.1.1.0
2025-04-30 16:48:22,010 [WARN] PackLoader:240 - Cannot read IP mode file for STMicroelectronics.X-CUBE-AZRTOS-F7.1.1.0
2025-04-30 16:48:22,051 [WARN] PackLoader:240 - Cannot read IP mode file for STMicroelectronics.FP-SNS-FLIGHT1.5.0.2
2025-04-30 16:48:22,116 [WARN] PackLoader:240 - Cannot read IP mode file for Infineon.AIROC-Wi-Fi-Bluetooth-STM32.1.7.0
2025-04-30 16:48:22,168 [WARN] PackLoader:240 - Cannot read IP mode file for STMicroelectronics.X-CUBE-DISPLAY.3.0.0
2025-04-30 16:48:22,197 [WARN] PackLoader:240 - Cannot read IP mode file for STMicroelectronics.X-CUBE-BLE1.7.0.0
2025-04-30 16:48:22,208 [WARN] PackLoader:240 - Cannot read IP mode file for STMicroelectronics.X-CUBE-NFC10.1.0.0
2025-04-30 16:48:22,248 [WARN] PackLoader:240 - Cannot read IP mode file for STMicroelectronics.X-CUBE-BLEMGR.4.0.0
2025-04-30 16:48:22,288 [WARN] PackLoader:240 - Cannot read IP mode file for emotas.I-CUBE-CANOPEN.1.3.0
2025-04-30 16:48:22,302 [WARN] PackLoader:240 - Cannot read IP mode file for STMicroelectronics.X-CUBE-AI.10.0.0
2025-04-30 16:48:22,309 [WARN] PackLoader:240 - Cannot read IP mode file for STMicroelectronics.FP-SNS-SMARTAG2.1.2.0
2025-04-30 16:48:22,316 [WARN] PackLoader:240 - Cannot read IP mode file for STMicroelectronics.FP-SNS-FLIGHT1.5.1.0
2025-04-30 16:48:22,439 [WARN] PackLoader:240 - Cannot read IP mode file for STMicroelectronics.X-CUBE-MEMS1.11.1.0
2025-04-30 16:48:22,965 [INFO] LogOutputStream:77 - [STDOUT_REDIRECT] 1 : Invalid condition id : UX_CORESTACK_Condition cause : null
2025-04-30 16:48:22,966 [INFO] LogOutputStream:77 - [STDOUT_REDIRECT] 1 : Invalid condition id : UX_CORESTACK_Condition cause : null
2025-04-30 16:48:22,969 [INFO] LogOutputStream:77 - [STDOUT_REDIRECT] 1 : Invalid condition id : UX_CORESTACK_Condition cause : null
2025-04-30 16:48:22,971 [INFO] LogOutputStream:77 - [STDOUT_REDIRECT] 1 : Invalid condition id : UX_CORESTACK_Condition cause : null
2025-04-30 16:48:22,975 [INFO] LogOutputStream:77 - [STDOUT_REDIRECT] 1 : Invalid condition id : UX_CORESTACK_Condition cause : null
2025-04-30 16:48:22,985 [WARN] PackLoader:240 - Cannot read IP mode file for STMicroelectronics.X-CUBE-AZRTOS-WL.2.0.0
2025-04-30 16:48:23,003 [WARN] PackLoader:240 - Cannot read IP mode file for STMicroelectronics.FP-SNS-MOTENV1.5.0.0
2025-04-30 16:48:23,038 [WARN] PackLoader:240 - Cannot read IP mode file for WES.I-CUBE-Cesium.1.3.0
2025-04-30 16:48:23,055 [WARN] PackLoader:240 - Cannot read IP mode file for STMicroelectronics.X-CUBE-BLE2.3.3.0
2025-04-30 16:48:23,071 [WARN] PackLoader:240 - Cannot read IP mode file for STMicroelectronics.X-CUBE-NFC9.1.0.0
2025-04-30 16:48:23,081 [INFO] WebApp:463 - Apply proxy settings
2025-04-30 16:48:23,082 [WARN] PackLoader:240 - Cannot read IP mode file for STMicroelectronics.X-CUBE-BLE1.7.1.0
2025-04-30 16:48:23,082 [INFO] WebApp:548 - Chromium requires no authentication
2025-04-30 16:48:23,093 [WARN] PackLoader:240 - Cannot read IP mode file for wolfSSL.I-CUBE-wolfMQTT.1.19.2
2025-04-30 16:48:23,112 [INFO] WebApp:491 - Direct internet connection detected
2025-04-30 16:48:23,258 [INFO] WebApp:894 - Register for checkConnection events
2025-04-30 16:48:23,259 [INFO] WebApp:463 - Apply proxy settings
2025-04-30 16:48:23,261 [INFO] WebApp:548 - Chromium requires no authentication
2025-04-30 16:48:23,264 [INFO] WebApp:491 - Direct internet connection detected
2025-04-30 16:48:23,275 [WARN] PackLoader:240 - Cannot read IP mode file for STMicroelectronics.X-CUBE-MEMS1.11.2.0
2025-04-30 16:48:23,488 [INFO] WebApp:191 - Connection restablished
2025-04-30 16:48:23,539 [WARN] PackLoader:240 - Cannot read IP mode file for STMicroelectronics.X-CUBE-AZRTOS-G0.1.1.0
2025-04-30 16:48:23,560 [WARN] PackLoader:240 - Cannot read IP mode file for STMicroelectronics.X-CUBE-SAFEA1.1.2.2
2025-04-30 16:48:23,573 [WARN] PackLoader:240 - Cannot read IP mode file for STMicroelectronics.X-CUBE-NFC4.3.0.0
2025-04-30 16:48:23,594 [WARN] PackLoader:240 - Cannot read IP mode file for EmbeddedOffice.I-CUBE-FS-RTOS.1.0.1
2025-04-30 16:48:23,620 [WARN] PackLoader:240 - Cannot read IP mode file for STMicroelectronics.X-CUBE-WB05N.2.0.0
2025-04-30 16:48:23,640 [WARN] PackLoader:240 - Cannot read IP mode file for wolfSSL.I-CUBE-wolfTPM.3.8.0
2025-04-30 16:48:23,658 [WARN] PackLoader:240 - Cannot read IP mode file for STMicroelectronics.X-CUBE-TCPP.4.2.0
2025-04-30 16:48:23,674 [WARN] PackLoader:240 - Cannot read IP mode file for RealThread.X-CUBE-RT-Thread_Nano.4.1.1
2025-04-30 16:48:23,686 [WARN] PackLoader:240 - Cannot read IP mode file for STMicroelectronics.FP-ATR-SIGFOX1.3.2.0
2025-04-30 16:48:23,703 [WARN] ConditionMgr:438 - getConditionDescription Invalid condition id : Cortex-A Device cause : null
2025-04-30 16:48:23,755 [WARN] ConditionMgr:1044 - genDependencies : Invalid condition id : Cortex-A Device cause : null
2025-04-30 16:48:23,755 [WARN] ConditionMgr:1044 - genDependencies : Invalid condition id : Cortex-A Device cause : null
2025-04-30 16:48:23,755 [WARN] ConditionMgr:1044 - genDependencies : Invalid condition id : Cortex-A Device cause : null
2025-04-30 16:48:23,772 [WARN] PackLoader:240 - Cannot read IP mode file for STMicroelectronics.X-CUBE-EEPRMA1.5.1.0
2025-04-30 16:48:23,803 [WARN] PackLoader:240 - Cannot read IP mode file for wolfSSL.I-CUBE-wolfSSL.5.7.6
2025-04-30 16:48:23,830 [WARN] PackLoader:240 - Cannot read IP mode file for ITTIA_DB.I-CUBE-ITTIADB.8.9.0
2025-04-30 16:48:23,902 [WARN] PackLoader:240 - Cannot read IP mode file for SEGGER.I-CUBE-embOS.1.3.1
2025-04-30 16:48:24,009 [WARN] PackLoader:240 - Cannot read IP mode file for STMicroelectronics.X-CUBE-ALGOBUILD.1.4.0
2025-04-30 16:48:24,048 [WARN] PackLoader:240 - Cannot read IP mode file for STMicroelectronics.X-CUBE-AZRTOS-F4.1.1.0
2025-04-30 16:48:24,057 [WARN] PackLoader:240 - Cannot read IP mode file for Avnet-IotConnect.X-CUBE-IoTC-DA16k-PMOD.1.0.0
2025-04-30 16:48:24,066 [WARN] PackLoader:240 - Cannot read IP mode file for STMicroelectronics.X-CUBE-ISPU.2.1.0
2025-04-30 16:48:24,098 [WARN] PackLoader:240 - Cannot read IP mode file for STMicroelectronics.X-CUBE-AZRTOS-L5.2.0.0
2025-04-30 16:48:24,109 [WARN] PackLoader:240 - Cannot read IP mode file for STMicroelectronics.X-CUBE-NFC6.3.1.0
2025-04-30 16:48:24,119 [WARN] PackLoader:240 - Cannot read IP mode file for STMicroelectronics.X-CUBE-DPower.1.2.0
2025-04-30 16:48:24,132 [WARN] PackLoader:240 - Cannot read IP mode file for STMicroelectronics.X-CUBE-FREERTOS.1.3.0
2025-04-30 16:48:24,157 [WARN] PackLoader:240 - Cannot read IP mode file for STMicroelectronics.X-CUBE-NFC7.1.0.1
2025-04-30 16:48:24,173 [WARN] PackLoader:240 - Cannot read IP mode file for STMicroelectronics.X-CUBE-DPower.1.3.0
2025-04-30 16:48:24,211 [WARN] ConditionMgr:438 - getConditionDescription Invalid condition id : LAN8742 Phy interface Condition cause : null
2025-04-30 16:48:24,213 [WARN] PackLoader:240 - Cannot read IP mode file for STMicroelectronics.X-CUBE-AZRTOS-L4.2.0.0
2025-04-30 16:48:24,214 [WARN] ConditionMgr:1044 - genDependencies : Invalid condition id : LAN8742 Phy interface Condition cause : null
2025-04-30 16:48:24,215 [WARN] ConditionMgr:1044 - genDependencies : Invalid condition id : LAN8742 Phy interface Condition cause : null
2025-04-30 16:48:24,215 [WARN] ConditionMgr:1044 - genDependencies : Invalid condition id : LAN8742 Phy interface Condition cause : null
2025-04-30 16:48:24,227 [WARN] PackLoader:240 - Cannot read IP mode file for STMicroelectronics.X-CUBE-SFXS2LP1.4.0.0
2025-04-30 16:48:24,267 [WARN] PackLoader:240 - Cannot read IP mode file for STMicroelectronics.X-CUBE-AZRTOS-H7.3.3.0
2025-04-30 16:48:24,288 [WARN] ConditionMgr:438 - getConditionDescription Invalid condition id : UX DEVICE CLASS RTOS Condition cause : null
2025-04-30 16:48:24,289 [WARN] ConditionMgr:438 - getConditionDescription Invalid condition id : UX DEVICE CLASS RTOS Condition cause : null
2025-04-30 16:48:24,289 [INFO] WebApp:225 - Starting web application
2025-04-30 16:48:24,290 [INFO] WebApp:593 - Web application path used C:\ST\STM32CubeIDE_1.18.1\STM32CubeIDE\plugins\com.st.stm32cube.common.mx_6.14.1.202504091515\db\plugins\mcufinder\reactClient1\index.html
2025-04-30 16:48:24,292 [WARN] PackLoader:240 - Cannot read IP mode file for STMicroelectronics.X-CUBE-AZRTOS-WB.2.0.0
2025-04-30 16:48:24,294 [WARN] ConditionMgr:1044 - genDependencies : Invalid condition id : UX DEVICE CLASS RTOS Condition cause : null
2025-04-30 16:48:24,294 [WARN] ConditionMgr:1044 - genDependencies : Invalid condition id : UX DEVICE CLASS RTOS Condition cause : null
2025-04-30 16:48:24,299 [WARN] ConditionMgr:1044 - genDependencies : Invalid condition id : UX DEVICE CLASS RTOS Condition cause : null
2025-04-30 16:48:24,299 [WARN] ConditionMgr:1044 - genDependencies : Invalid condition id : UX DEVICE CLASS RTOS Condition cause : null
2025-04-30 16:48:24,299 [WARN] ConditionMgr:1044 - genDependencies : Invalid condition id : UX DEVICE CLASS RTOS Condition cause : null
2025-04-30 16:48:24,317 [WARN] PackLoader:240 - Cannot read IP mode file for STMicroelectronics.X-CUBE-GNSS1.7.0.1
2025-04-30 16:48:24,336 [WARN] PackLoader:240 - Cannot read IP mode file for STMicroelectronics.X-CUBE-TOUCHGFX.4.25.0
2025-04-30 16:48:24,357 [WARN] PackLoader:240 - Cannot read IP mode file for STMicroelectronics.FP-SNS-STBOX1.2.0.0
2025-04-30 16:48:24,417 [WARN] PackLoader:240 - Cannot read IP mode file for STMicroelectronics.X-CUBE-SUBG2.5.0.0
2025-04-30 16:48:24,475 [WARN] PackLoader:240 - Cannot read IP mode file for STMicroelectronics.X-CUBE-AZRTOS-H7RS.1.1.0
2025-04-30 16:48:24,500 [WARN] PackLoader:240 - Cannot read IP mode file for Cesanta.I-CUBE-Mongoose.7.13.0
2025-04-30 16:48:24,526 [WARN] PackLoader:240 - Cannot read IP mode file for STMicroelectronics.X-CUBE-AZRTOS-G4.2.0.0
2025-04-30 16:48:24,542 [WARN] PackLoader:240 - Cannot read IP mode file for wolfSSL.I-CUBE-wolfSSH.1.4.20
2025-04-30 16:48:24,572 [WARN] PackLoader:240 - Cannot read IP mode file for STMicroelectronics.X-CUBE-IPS.3.1.0
2025-04-30 16:48:24,590 [WARN] PackLoader:240 - Cannot read IP mode file for STMicroelectronics.X-CUBE-ALS.1.0.2
2025-04-30 16:48:24,598 [WARN] PackLoader:240 - Cannot read IP mode file for STMicroelectronics.X-CUBE-TOUCHGFX.4.24.2
2025-04-30 16:48:24,608 [WARN] PackLoader:240 - Cannot read IP mode file for portGmbH.I-Cube-SoM-uGOAL.1.1.0
2025-04-30 16:48:24,643 [WARN] PackLoader:240 - Cannot read IP mode file for STMicroelectronics.X-CUBE-AZRTOS-H7RS.1.0.0
2025-04-30 16:48:24,651 [INFO] UserAuth:484 - Internet connection configuration mode: 1
2025-04-30 16:48:24,676 [WARN] PackLoader:240 - Cannot read IP mode file for STMicroelectronics.X-CUBE-TOF1.3.4.2
2025-04-30 16:48:24,714 [WARN] PackLoader:240 - Cannot read IP mode file for STMicroelectronics.X-CUBE-TOF1.3.4.3
2025-04-30 16:48:24,732 [INFO] ThirdParty:978 - Integrity check success = true
2025-04-30 16:48:24,732 [INFO] IntegrityCheckThread:100 - exiting critical section [integrity check]
2025-04-30 16:48:24,732 [INFO] IntegrityCheckThread:103 - End integrity checks thread
2025-04-30 16:50:12,202 [ERROR] LogOutputStream:75 - [STDERR_REDIRECT] 
2025-04-30 16:50:12,203 [ERROR] LogOutputStream:75 - [STDERR_REDIRECT] 
